<?xml version="1.0" encoding="UTF-8"?>
<testng-results skipped="5" failed="3" ignored="34" total="126" passed="84">
  <reporter-output>
  </reporter-output>
  <suite name="Aditya Automation" duration-ms="2096316" started-at="2018-11-29T07:14:03Z" finished-at="2018-11-29T07:48:59Z">
    <groups>
    </groups>
    <test name="Aditya Test" duration-ms="2096316" started-at="2018-11-29T07:14:03Z" finished-at="2018-11-29T07:48:59Z">
      <class name="com.travels.qa.testcases.Tour_Testcase">
        <test-method status="PASS" signature="setup()[pri:0, instance:com.travels.qa.testcases.Tour_Testcase@13805618]" name="setup" is-config="true" duration-ms="11466" started-at="2018-11-29T07:43:25Z" finished-at="2018-11-29T07:43:36Z">
          <reporter-output>
          </reporter-output>
        </test-method> <!-- setup -->
        <test-method status="PASS" signature="Cars_Radiobutton_Filter()[pri:0, instance:com.travels.qa.testcases.Tour_Testcase@13805618]" name="Cars_Radiobutton_Filter" duration-ms="5014" started-at="2018-11-29T07:43:36Z" finished-at="2018-11-29T07:43:41Z">
          <reporter-output>
          </reporter-output>
        </test-method> <!-- Cars_Radiobutton_Filter -->
        <test-method status="PASS" signature="teardown()[pri:0, instance:com.travels.qa.testcases.Tour_Testcase@13805618]" name="teardown" is-config="true" duration-ms="956" started-at="2018-11-29T07:43:41Z" finished-at="2018-11-29T07:43:42Z">
          <reporter-output>
          </reporter-output>
        </test-method> <!-- teardown -->
        <test-method status="FAIL" signature="setup()[pri:0, instance:com.travels.qa.testcases.Tour_Testcase@13805618]" name="setup" is-config="true" duration-ms="23913" started-at="2018-11-29T07:43:42Z" finished-at="2018-11-29T07:44:06Z">
          <exception class="org.openqa.selenium.TimeoutException">
            <message>
              <![CDATA[timeout
  (Session info: chrome=69.0.3497.92)
  (Driver info: chromedriver=2.41.578737 (49da6702b16031c40d63e5618de03a32ff6c197e),platform=Windows NT 10.0.15063 x86_64) (WARNING: The server did not provide any stacktrace information)
Command duration or timeout: 0 milliseconds
Build info: version: '3.13.0', revision: '2f0d292', time: '2018-06-25T15:24:21.231Z'
System info: host: 'GIND04LX6R5G5Q2', ip: '10.242.76.77', os.name: 'Windows 10', os.arch: 'amd64', os.version: '10.0', java.version: '1.8.0_181'
Driver info: org.openqa.selenium.chrome.ChromeDriver
Capabilities {acceptInsecureCerts: false, acceptSslCerts: false, applicationCacheEnabled: false, browserConnectionEnabled: false, browserName: chrome, chrome: {chromedriverVersion: 2.41.578737 (49da6702b16031..., userDataDir: C:\Users\10263638\AppData\L...}, cssSelectorsEnabled: true, databaseEnabled: false, goog:chromeOptions: {debuggerAddress: localhost:52993}, handlesAlerts: true, hasTouchScreen: false, javascriptEnabled: true, locationContextEnabled: true, mobileEmulationEnabled: false, nativeEvents: true, networkConnectionEnabled: false, pageLoadStrategy: normal, platform: XP, platformName: XP, rotatable: false, setWindowRect: true, takesHeapSnapshot: true, takesScreenshot: true, unexpectedAlertBehaviour: , unhandledPromptBehavior: , version: 69.0.3497.92, webStorageEnabled: true}
Session ID: 4930107c2a8b8df8dd4c37fc15f781cc]]>
            </message>
            <full-stacktrace>
              <![CDATA[org.openqa.selenium.TimeoutException: timeout
  (Session info: chrome=69.0.3497.92)
  (Driver info: chromedriver=2.41.578737 (49da6702b16031c40d63e5618de03a32ff6c197e),platform=Windows NT 10.0.15063 x86_64) (WARNING: The server did not provide any stacktrace information)
Command duration or timeout: 0 milliseconds
Build info: version: '3.13.0', revision: '2f0d292', time: '2018-06-25T15:24:21.231Z'
System info: host: 'GIND04LX6R5G5Q2', ip: '10.242.76.77', os.name: 'Windows 10', os.arch: 'amd64', os.version: '10.0', java.version: '1.8.0_181'
Driver info: org.openqa.selenium.chrome.ChromeDriver
Capabilities {acceptInsecureCerts: false, acceptSslCerts: false, applicationCacheEnabled: false, browserConnectionEnabled: false, browserName: chrome, chrome: {chromedriverVersion: 2.41.578737 (49da6702b16031..., userDataDir: C:\Users\10263638\AppData\L...}, cssSelectorsEnabled: true, databaseEnabled: false, goog:chromeOptions: {debuggerAddress: localhost:52993}, handlesAlerts: true, hasTouchScreen: false, javascriptEnabled: true, locationContextEnabled: true, mobileEmulationEnabled: false, nativeEvents: true, networkConnectionEnabled: false, pageLoadStrategy: normal, platform: XP, platformName: XP, rotatable: false, setWindowRect: true, takesHeapSnapshot: true, takesScreenshot: true, unexpectedAlertBehaviour: , unhandledPromptBehavior: , version: 69.0.3497.92, webStorageEnabled: true}
Session ID: 4930107c2a8b8df8dd4c37fc15f781cc
at sun.reflect.NativeConstructorAccessorImpl.newInstance0(Native Method)
at sun.reflect.NativeConstructorAccessorImpl.newInstance(Unknown Source)
at sun.reflect.DelegatingConstructorAccessorImpl.newInstance(Unknown Source)
at java.lang.reflect.Constructor.newInstance(Unknown Source)
at org.openqa.selenium.remote.ErrorHandler.createThrowable(ErrorHandler.java:214)
at org.openqa.selenium.remote.ErrorHandler.throwIfResponseFailed(ErrorHandler.java:166)
at org.openqa.selenium.remote.http.JsonHttpResponseCodec.reconstructValue(JsonHttpResponseCodec.java:40)
at org.openqa.selenium.remote.http.AbstractHttpResponseCodec.decode(AbstractHttpResponseCodec.java:80)
at org.openqa.selenium.remote.http.AbstractHttpResponseCodec.decode(AbstractHttpResponseCodec.java:44)
at org.openqa.selenium.remote.HttpCommandExecutor.execute(HttpCommandExecutor.java:158)
at org.openqa.selenium.remote.service.DriverCommandExecutor.execute(DriverCommandExecutor.java:83)
at org.openqa.selenium.remote.RemoteWebDriver.execute(RemoteWebDriver.java:548)
at org.openqa.selenium.remote.RemoteWebDriver.get(RemoteWebDriver.java:276)
at com.travels.qa.base.TestBase.initialization(TestBase.java:92)
at com.travels.qa.testcases.Tour_Testcase.setup(Tour_Testcase.java:29)
at sun.reflect.NativeMethodAccessorImpl.invoke0(Native Method)
at sun.reflect.NativeMethodAccessorImpl.invoke(Unknown Source)
at sun.reflect.DelegatingMethodAccessorImpl.invoke(Unknown Source)
at java.lang.reflect.Method.invoke(Unknown Source)
at org.testng.internal.MethodInvocationHelper.invokeMethod(MethodInvocationHelper.java:124)
at org.testng.internal.MethodInvocationHelper.invokeMethodConsideringTimeout(MethodInvocationHelper.java:59)
at org.testng.internal.Invoker.invokeConfigurationMethod(Invoker.java:458)
at org.testng.internal.Invoker.invokeConfigurations(Invoker.java:222)
at org.testng.internal.Invoker.invokeMethod(Invoker.java:523)
at org.testng.internal.Invoker.invokeTestMethod(Invoker.java:719)
at org.testng.internal.Invoker.invokeTestMethods(Invoker.java:989)
at org.testng.internal.TestMethodWorker.invokeTestMethods(TestMethodWorker.java:125)
at org.testng.internal.TestMethodWorker.run(TestMethodWorker.java:109)
at org.testng.TestRunner.privateRun(TestRunner.java:648)
at org.testng.TestRunner.run(TestRunner.java:505)
at org.testng.SuiteRunner.runTest(SuiteRunner.java:455)
at org.testng.SuiteRunner.runSequentially(SuiteRunner.java:450)
at org.testng.SuiteRunner.privateRun(SuiteRunner.java:415)
at org.testng.SuiteRunner.run(SuiteRunner.java:364)
at org.testng.SuiteRunnerWorker.runSuite(SuiteRunnerWorker.java:52)
at org.testng.SuiteRunnerWorker.run(SuiteRunnerWorker.java:84)
at org.testng.TestNG.runSuitesSequentially(TestNG.java:1208)
at org.testng.TestNG.runSuitesLocally(TestNG.java:1137)
at org.testng.TestNG.runSuites(TestNG.java:1049)
at org.testng.TestNG.run(TestNG.java:1017)
at org.testng.remote.AbstractRemoteTestNG.run(AbstractRemoteTestNG.java:114)
at org.testng.remote.RemoteTestNG.initAndRun(RemoteTestNG.java:251)
at org.testng.remote.RemoteTestNG.main(RemoteTestNG.java:77)
]]>
            </full-stacktrace>
          </exception> <!-- org.openqa.selenium.TimeoutException -->
          <reporter-output>
          </reporter-output>
        </test-method> <!-- setup -->
        <test-method status="PASS" signature="getResult(org.testng.ITestResult)[pri:0, instance:com.travels.qa.testcases.Tour_Testcase@13805618]" name="getResult" is-config="true" duration-ms="0" started-at="2018-11-29T07:43:42Z" finished-at="2018-11-29T07:43:42Z">
          <params>
            <param index="0">
              <value>
                <![CDATA[[TestResult name=Cars_Radiobutton_Filter status=SUCCESS method=Tour_Testcase.Cars_Radiobutton_Filter()[pri:0, instance:com.travels.qa.testcases.Tour_Testcase@13805618] output={null}]]]>
              </value>
            </param>
          </params>
          <reporter-output>
          </reporter-output>
        </test-method> <!-- getResult -->
        <test-method status="SKIP" signature="Navigating_to_Tour_booking()[pri:0, instance:com.travels.qa.testcases.Tour_Testcase@13805618]" name="Navigating_to_Tour_booking" duration-ms="0" started-at="2018-11-29T07:44:06Z" finished-at="2018-11-29T07:44:06Z">
          <exception class="org.openqa.selenium.TimeoutException">
            <message>
              <![CDATA[timeout
  (Session info: chrome=69.0.3497.92)
  (Driver info: chromedriver=2.41.578737 (49da6702b16031c40d63e5618de03a32ff6c197e),platform=Windows NT 10.0.15063 x86_64) (WARNING: The server did not provide any stacktrace information)
Command duration or timeout: 0 milliseconds
Build info: version: '3.13.0', revision: '2f0d292', time: '2018-06-25T15:24:21.231Z'
System info: host: 'GIND04LX6R5G5Q2', ip: '10.242.76.77', os.name: 'Windows 10', os.arch: 'amd64', os.version: '10.0', java.version: '1.8.0_181'
Driver info: org.openqa.selenium.chrome.ChromeDriver
Capabilities {acceptInsecureCerts: false, acceptSslCerts: false, applicationCacheEnabled: false, browserConnectionEnabled: false, browserName: chrome, chrome: {chromedriverVersion: 2.41.578737 (49da6702b16031..., userDataDir: C:\Users\10263638\AppData\L...}, cssSelectorsEnabled: true, databaseEnabled: false, goog:chromeOptions: {debuggerAddress: localhost:52993}, handlesAlerts: true, hasTouchScreen: false, javascriptEnabled: true, locationContextEnabled: true, mobileEmulationEnabled: false, nativeEvents: true, networkConnectionEnabled: false, pageLoadStrategy: normal, platform: XP, platformName: XP, rotatable: false, setWindowRect: true, takesHeapSnapshot: true, takesScreenshot: true, unexpectedAlertBehaviour: , unhandledPromptBehavior: , version: 69.0.3497.92, webStorageEnabled: true}
Session ID: 4930107c2a8b8df8dd4c37fc15f781cc]]>
            </message>
            <full-stacktrace>
              <![CDATA[org.openqa.selenium.TimeoutException: timeout
  (Session info: chrome=69.0.3497.92)
  (Driver info: chromedriver=2.41.578737 (49da6702b16031c40d63e5618de03a32ff6c197e),platform=Windows NT 10.0.15063 x86_64) (WARNING: The server did not provide any stacktrace information)
Command duration or timeout: 0 milliseconds
Build info: version: '3.13.0', revision: '2f0d292', time: '2018-06-25T15:24:21.231Z'
System info: host: 'GIND04LX6R5G5Q2', ip: '10.242.76.77', os.name: 'Windows 10', os.arch: 'amd64', os.version: '10.0', java.version: '1.8.0_181'
Driver info: org.openqa.selenium.chrome.ChromeDriver
Capabilities {acceptInsecureCerts: false, acceptSslCerts: false, applicationCacheEnabled: false, browserConnectionEnabled: false, browserName: chrome, chrome: {chromedriverVersion: 2.41.578737 (49da6702b16031..., userDataDir: C:\Users\10263638\AppData\L...}, cssSelectorsEnabled: true, databaseEnabled: false, goog:chromeOptions: {debuggerAddress: localhost:52993}, handlesAlerts: true, hasTouchScreen: false, javascriptEnabled: true, locationContextEnabled: true, mobileEmulationEnabled: false, nativeEvents: true, networkConnectionEnabled: false, pageLoadStrategy: normal, platform: XP, platformName: XP, rotatable: false, setWindowRect: true, takesHeapSnapshot: true, takesScreenshot: true, unexpectedAlertBehaviour: , unhandledPromptBehavior: , version: 69.0.3497.92, webStorageEnabled: true}
Session ID: 4930107c2a8b8df8dd4c37fc15f781cc
at sun.reflect.NativeConstructorAccessorImpl.newInstance0(Native Method)
at sun.reflect.NativeConstructorAccessorImpl.newInstance(Unknown Source)
at sun.reflect.DelegatingConstructorAccessorImpl.newInstance(Unknown Source)
at java.lang.reflect.Constructor.newInstance(Unknown Source)
at org.openqa.selenium.remote.ErrorHandler.createThrowable(ErrorHandler.java:214)
at org.openqa.selenium.remote.ErrorHandler.throwIfResponseFailed(ErrorHandler.java:166)
at org.openqa.selenium.remote.http.JsonHttpResponseCodec.reconstructValue(JsonHttpResponseCodec.java:40)
at org.openqa.selenium.remote.http.AbstractHttpResponseCodec.decode(AbstractHttpResponseCodec.java:80)
at org.openqa.selenium.remote.http.AbstractHttpResponseCodec.decode(AbstractHttpResponseCodec.java:44)
at org.openqa.selenium.remote.HttpCommandExecutor.execute(HttpCommandExecutor.java:158)
at org.openqa.selenium.remote.service.DriverCommandExecutor.execute(DriverCommandExecutor.java:83)
at org.openqa.selenium.remote.RemoteWebDriver.execute(RemoteWebDriver.java:548)
at org.openqa.selenium.remote.RemoteWebDriver.get(RemoteWebDriver.java:276)
at com.travels.qa.base.TestBase.initialization(TestBase.java:92)
at com.travels.qa.testcases.Tour_Testcase.setup(Tour_Testcase.java:29)
at sun.reflect.NativeMethodAccessorImpl.invoke0(Native Method)
at sun.reflect.NativeMethodAccessorImpl.invoke(Unknown Source)
at sun.reflect.DelegatingMethodAccessorImpl.invoke(Unknown Source)
at java.lang.reflect.Method.invoke(Unknown Source)
at org.testng.internal.MethodInvocationHelper.invokeMethod(MethodInvocationHelper.java:124)
at org.testng.internal.MethodInvocationHelper.invokeMethodConsideringTimeout(MethodInvocationHelper.java:59)
at org.testng.internal.Invoker.invokeConfigurationMethod(Invoker.java:458)
at org.testng.internal.Invoker.invokeConfigurations(Invoker.java:222)
at org.testng.internal.Invoker.invokeMethod(Invoker.java:523)
at org.testng.internal.Invoker.invokeTestMethod(Invoker.java:719)
at org.testng.internal.Invoker.invokeTestMethods(Invoker.java:989)
at org.testng.internal.TestMethodWorker.invokeTestMethods(TestMethodWorker.java:125)
at org.testng.internal.TestMethodWorker.run(TestMethodWorker.java:109)
at org.testng.TestRunner.privateRun(TestRunner.java:648)
at org.testng.TestRunner.run(TestRunner.java:505)
at org.testng.SuiteRunner.runTest(SuiteRunner.java:455)
at org.testng.SuiteRunner.runSequentially(SuiteRunner.java:450)
at org.testng.SuiteRunner.privateRun(SuiteRunner.java:415)
at org.testng.SuiteRunner.run(SuiteRunner.java:364)
at org.testng.SuiteRunnerWorker.runSuite(SuiteRunnerWorker.java:52)
at org.testng.SuiteRunnerWorker.run(SuiteRunnerWorker.java:84)
at org.testng.TestNG.runSuitesSequentially(TestNG.java:1208)
at org.testng.TestNG.runSuitesLocally(TestNG.java:1137)
at org.testng.TestNG.runSuites(TestNG.java:1049)
at org.testng.TestNG.run(TestNG.java:1017)
at org.testng.remote.AbstractRemoteTestNG.run(AbstractRemoteTestNG.java:114)
at org.testng.remote.RemoteTestNG.initAndRun(RemoteTestNG.java:251)
at org.testng.remote.RemoteTestNG.main(RemoteTestNG.java:77)
]]>
            </full-stacktrace>
          </exception> <!-- org.openqa.selenium.TimeoutException -->
          <reporter-output>
          </reporter-output>
        </test-method> <!-- Navigating_to_Tour_booking -->
        <test-method status="SKIP" signature="teardown()[pri:0, instance:com.travels.qa.testcases.Tour_Testcase@13805618]" name="teardown" is-config="true" duration-ms="0" started-at="2018-11-29T07:44:06Z" finished-at="2018-11-29T07:44:06Z">
          <reporter-output>
          </reporter-output>
        </test-method> <!-- teardown -->
        <test-method status="SKIP" signature="getResult(org.testng.ITestResult)[pri:0, instance:com.travels.qa.testcases.Tour_Testcase@13805618]" name="getResult" is-config="true" duration-ms="0" started-at="2018-11-29T07:44:06Z" finished-at="2018-11-29T07:44:06Z">
          <reporter-output>
          </reporter-output>
        </test-method> <!-- getResult -->
        <test-method status="SKIP" signature="setup()[pri:0, instance:com.travels.qa.testcases.Tour_Testcase@13805618]" name="setup" is-config="true" duration-ms="0" started-at="2018-11-29T07:44:06Z" finished-at="2018-11-29T07:44:06Z">
          <reporter-output>
          </reporter-output>
        </test-method> <!-- setup -->
        <test-method status="SKIP" signature="Tour_Filter()[pri:0, instance:com.travels.qa.testcases.Tour_Testcase@13805618]" name="Tour_Filter" duration-ms="0" started-at="2018-11-29T07:44:06Z" finished-at="2018-11-29T07:44:06Z">
          <exception class="org.openqa.selenium.TimeoutException">
            <message>
              <![CDATA[timeout
  (Session info: chrome=69.0.3497.92)
  (Driver info: chromedriver=2.41.578737 (49da6702b16031c40d63e5618de03a32ff6c197e),platform=Windows NT 10.0.15063 x86_64) (WARNING: The server did not provide any stacktrace information)
Command duration or timeout: 0 milliseconds
Build info: version: '3.13.0', revision: '2f0d292', time: '2018-06-25T15:24:21.231Z'
System info: host: 'GIND04LX6R5G5Q2', ip: '10.242.76.77', os.name: 'Windows 10', os.arch: 'amd64', os.version: '10.0', java.version: '1.8.0_181'
Driver info: org.openqa.selenium.chrome.ChromeDriver
Capabilities {acceptInsecureCerts: false, acceptSslCerts: false, applicationCacheEnabled: false, browserConnectionEnabled: false, browserName: chrome, chrome: {chromedriverVersion: 2.41.578737 (49da6702b16031..., userDataDir: C:\Users\10263638\AppData\L...}, cssSelectorsEnabled: true, databaseEnabled: false, goog:chromeOptions: {debuggerAddress: localhost:52993}, handlesAlerts: true, hasTouchScreen: false, javascriptEnabled: true, locationContextEnabled: true, mobileEmulationEnabled: false, nativeEvents: true, networkConnectionEnabled: false, pageLoadStrategy: normal, platform: XP, platformName: XP, rotatable: false, setWindowRect: true, takesHeapSnapshot: true, takesScreenshot: true, unexpectedAlertBehaviour: , unhandledPromptBehavior: , version: 69.0.3497.92, webStorageEnabled: true}
Session ID: 4930107c2a8b8df8dd4c37fc15f781cc]]>
            </message>
            <full-stacktrace>
              <![CDATA[org.openqa.selenium.TimeoutException: timeout
  (Session info: chrome=69.0.3497.92)
  (Driver info: chromedriver=2.41.578737 (49da6702b16031c40d63e5618de03a32ff6c197e),platform=Windows NT 10.0.15063 x86_64) (WARNING: The server did not provide any stacktrace information)
Command duration or timeout: 0 milliseconds
Build info: version: '3.13.0', revision: '2f0d292', time: '2018-06-25T15:24:21.231Z'
System info: host: 'GIND04LX6R5G5Q2', ip: '10.242.76.77', os.name: 'Windows 10', os.arch: 'amd64', os.version: '10.0', java.version: '1.8.0_181'
Driver info: org.openqa.selenium.chrome.ChromeDriver
Capabilities {acceptInsecureCerts: false, acceptSslCerts: false, applicationCacheEnabled: false, browserConnectionEnabled: false, browserName: chrome, chrome: {chromedriverVersion: 2.41.578737 (49da6702b16031..., userDataDir: C:\Users\10263638\AppData\L...}, cssSelectorsEnabled: true, databaseEnabled: false, goog:chromeOptions: {debuggerAddress: localhost:52993}, handlesAlerts: true, hasTouchScreen: false, javascriptEnabled: true, locationContextEnabled: true, mobileEmulationEnabled: false, nativeEvents: true, networkConnectionEnabled: false, pageLoadStrategy: normal, platform: XP, platformName: XP, rotatable: false, setWindowRect: true, takesHeapSnapshot: true, takesScreenshot: true, unexpectedAlertBehaviour: , unhandledPromptBehavior: , version: 69.0.3497.92, webStorageEnabled: true}
Session ID: 4930107c2a8b8df8dd4c37fc15f781cc
at sun.reflect.NativeConstructorAccessorImpl.newInstance0(Native Method)
at sun.reflect.NativeConstructorAccessorImpl.newInstance(Unknown Source)
at sun.reflect.DelegatingConstructorAccessorImpl.newInstance(Unknown Source)
at java.lang.reflect.Constructor.newInstance(Unknown Source)
at org.openqa.selenium.remote.ErrorHandler.createThrowable(ErrorHandler.java:214)
at org.openqa.selenium.remote.ErrorHandler.throwIfResponseFailed(ErrorHandler.java:166)
at org.openqa.selenium.remote.http.JsonHttpResponseCodec.reconstructValue(JsonHttpResponseCodec.java:40)
at org.openqa.selenium.remote.http.AbstractHttpResponseCodec.decode(AbstractHttpResponseCodec.java:80)
at org.openqa.selenium.remote.http.AbstractHttpResponseCodec.decode(AbstractHttpResponseCodec.java:44)
at org.openqa.selenium.remote.HttpCommandExecutor.execute(HttpCommandExecutor.java:158)
at org.openqa.selenium.remote.service.DriverCommandExecutor.execute(DriverCommandExecutor.java:83)
at org.openqa.selenium.remote.RemoteWebDriver.execute(RemoteWebDriver.java:548)
at org.openqa.selenium.remote.RemoteWebDriver.get(RemoteWebDriver.java:276)
at com.travels.qa.base.TestBase.initialization(TestBase.java:92)
at com.travels.qa.testcases.Tour_Testcase.setup(Tour_Testcase.java:29)
at sun.reflect.NativeMethodAccessorImpl.invoke0(Native Method)
at sun.reflect.NativeMethodAccessorImpl.invoke(Unknown Source)
at sun.reflect.DelegatingMethodAccessorImpl.invoke(Unknown Source)
at java.lang.reflect.Method.invoke(Unknown Source)
at org.testng.internal.MethodInvocationHelper.invokeMethod(MethodInvocationHelper.java:124)
at org.testng.internal.MethodInvocationHelper.invokeMethodConsideringTimeout(MethodInvocationHelper.java:59)
at org.testng.internal.Invoker.invokeConfigurationMethod(Invoker.java:458)
at org.testng.internal.Invoker.invokeConfigurations(Invoker.java:222)
at org.testng.internal.Invoker.invokeMethod(Invoker.java:523)
at org.testng.internal.Invoker.invokeTestMethod(Invoker.java:719)
at org.testng.internal.Invoker.invokeTestMethods(Invoker.java:989)
at org.testng.internal.TestMethodWorker.invokeTestMethods(TestMethodWorker.java:125)
at org.testng.internal.TestMethodWorker.run(TestMethodWorker.java:109)
at org.testng.TestRunner.privateRun(TestRunner.java:648)
at org.testng.TestRunner.run(TestRunner.java:505)
at org.testng.SuiteRunner.runTest(SuiteRunner.java:455)
at org.testng.SuiteRunner.runSequentially(SuiteRunner.java:450)
at org.testng.SuiteRunner.privateRun(SuiteRunner.java:415)
at org.testng.SuiteRunner.run(SuiteRunner.java:364)
at org.testng.SuiteRunnerWorker.runSuite(SuiteRunnerWorker.java:52)
at org.testng.SuiteRunnerWorker.run(SuiteRunnerWorker.java:84)
at org.testng.TestNG.runSuitesSequentially(TestNG.java:1208)
at org.testng.TestNG.runSuitesLocally(TestNG.java:1137)
at org.testng.TestNG.runSuites(TestNG.java:1049)
at org.testng.TestNG.run(TestNG.java:1017)
at org.testng.remote.AbstractRemoteTestNG.run(AbstractRemoteTestNG.java:114)
at org.testng.remote.RemoteTestNG.initAndRun(RemoteTestNG.java:251)
at org.testng.remote.RemoteTestNG.main(RemoteTestNG.java:77)
]]>
            </full-stacktrace>
          </exception> <!-- org.openqa.selenium.TimeoutException -->
          <reporter-output>
          </reporter-output>
        </test-method> <!-- Tour_Filter -->
        <test-method status="SKIP" signature="teardown()[pri:0, instance:com.travels.qa.testcases.Tour_Testcase@13805618]" name="teardown" is-config="true" duration-ms="0" started-at="2018-11-29T07:44:06Z" finished-at="2018-11-29T07:44:06Z">
          <reporter-output>
          </reporter-output>
        </test-method> <!-- teardown -->
        <test-method status="SKIP" signature="getResult(org.testng.ITestResult)[pri:0, instance:com.travels.qa.testcases.Tour_Testcase@13805618]" name="getResult" is-config="true" duration-ms="0" started-at="2018-11-29T07:44:06Z" finished-at="2018-11-29T07:44:06Z">
          <reporter-output>
          </reporter-output>
        </test-method> <!-- getResult -->
      </class> <!-- com.travels.qa.testcases.Tour_Testcase -->
      <class name="com.travels.qa.testcases.CarsBooking_Testcase">
        <test-method status="PASS" signature="setup()[pri:0, instance:com.travels.qa.testcases.CarsBooking_Testcase@3f49dace]" name="setup" is-config="true" duration-ms="10069" started-at="2018-11-29T07:17:22Z" finished-at="2018-11-29T07:17:32Z">
          <reporter-output>
          </reporter-output>
        </test-method> <!-- setup -->
        <test-method status="PASS" signature="booking_car()[pri:0, instance:com.travels.qa.testcases.CarsBooking_Testcase@3f49dace]" name="booking_car" duration-ms="12672" started-at="2018-11-29T07:17:32Z" finished-at="2018-11-29T07:17:45Z">
          <reporter-output>
          </reporter-output>
        </test-method> <!-- booking_car -->
        <test-method status="PASS" signature="teardown()[pri:0, instance:com.travels.qa.testcases.CarsBooking_Testcase@3f49dace]" name="teardown" is-config="true" duration-ms="1080" started-at="2018-11-29T07:17:45Z" finished-at="2018-11-29T07:17:46Z">
          <reporter-output>
          </reporter-output>
        </test-method> <!-- teardown -->
        <test-method status="PASS" signature="getResult(org.testng.ITestResult)[pri:0, instance:com.travels.qa.testcases.CarsBooking_Testcase@3f49dace]" name="getResult" is-config="true" duration-ms="1" started-at="2018-11-29T07:17:46Z" finished-at="2018-11-29T07:17:46Z">
          <params>
            <param index="0">
              <value>
                <![CDATA[[TestResult name=booking_car status=SUCCESS method=CarsBooking_Testcase.booking_car()[pri:0, instance:com.travels.qa.testcases.CarsBooking_Testcase@3f49dace] output={null}]]]>
              </value>
            </param>
          </params>
          <reporter-output>
          </reporter-output>
        </test-method> <!-- getResult -->
      </class> <!-- com.travels.qa.testcases.CarsBooking_Testcase -->
      <class name="com.travels.qa.testcases.Blog_Testcase">
        <test-method status="PASS" signature="setup()[pri:0, instance:com.travels.qa.testcases.Blog_Testcase@5f2108b5]" name="setup" is-config="true" duration-ms="12042" started-at="2018-11-29T07:14:41Z" finished-at="2018-11-29T07:14:53Z">
          <reporter-output>
          </reporter-output>
        </test-method> <!-- setup -->
        <test-method status="PASS" signature="Content_on_the_page()[pri:0, instance:com.travels.qa.testcases.Blog_Testcase@5f2108b5]" name="Content_on_the_page" duration-ms="39094" started-at="2018-11-29T07:14:53Z" finished-at="2018-11-29T07:15:32Z">
          <reporter-output>
          </reporter-output>
        </test-method> <!-- Content_on_the_page -->
        <test-method status="PASS" signature="teardown()[pri:0, instance:com.travels.qa.testcases.Blog_Testcase@5f2108b5]" name="teardown" is-config="true" duration-ms="933" started-at="2018-11-29T07:15:32Z" finished-at="2018-11-29T07:15:33Z">
          <reporter-output>
          </reporter-output>
        </test-method> <!-- teardown -->
        <test-method status="PASS" signature="getResult(org.testng.ITestResult)[pri:0, instance:com.travels.qa.testcases.Blog_Testcase@5f2108b5]" name="getResult" is-config="true" duration-ms="0" started-at="2018-11-29T07:15:33Z" finished-at="2018-11-29T07:15:33Z">
          <params>
            <param index="0">
              <value>
                <![CDATA[[TestResult name=Content_on_the_page status=SUCCESS method=Blog_Testcase.Content_on_the_page()[pri:0, instance:com.travels.qa.testcases.Blog_Testcase@5f2108b5] output={null}]]]>
              </value>
            </param>
          </params>
          <reporter-output>
          </reporter-output>
        </test-method> <!-- getResult -->
        <test-method status="PASS" signature="setup()[pri:0, instance:com.travels.qa.testcases.Blog_Testcase@5f2108b5]" name="setup" is-config="true" duration-ms="11238" started-at="2018-11-29T07:15:33Z" finished-at="2018-11-29T07:15:44Z">
          <reporter-output>
          </reporter-output>
        </test-method> <!-- setup -->
        <test-method status="PASS" signature="Content_through_searchbar()[pri:0, instance:com.travels.qa.testcases.Blog_Testcase@5f2108b5]" name="Content_through_searchbar" duration-ms="4019" started-at="2018-11-29T07:15:44Z" finished-at="2018-11-29T07:15:48Z">
          <reporter-output>
          </reporter-output>
        </test-method> <!-- Content_through_searchbar -->
        <test-method status="PASS" signature="teardown()[pri:0, instance:com.travels.qa.testcases.Blog_Testcase@5f2108b5]" name="teardown" is-config="true" duration-ms="925" started-at="2018-11-29T07:15:48Z" finished-at="2018-11-29T07:15:49Z">
          <reporter-output>
          </reporter-output>
        </test-method> <!-- teardown -->
        <test-method status="PASS" signature="setup()[pri:0, instance:com.travels.qa.testcases.Blog_Testcase@5f2108b5]" name="setup" is-config="true" duration-ms="10398" started-at="2018-11-29T07:15:49Z" finished-at="2018-11-29T07:15:59Z">
          <reporter-output>
          </reporter-output>
        </test-method> <!-- setup -->
        <test-method status="PASS" signature="getResult(org.testng.ITestResult)[pri:0, instance:com.travels.qa.testcases.Blog_Testcase@5f2108b5]" name="getResult" is-config="true" duration-ms="0" started-at="2018-11-29T07:15:49Z" finished-at="2018-11-29T07:15:49Z">
          <params>
            <param index="0">
              <value>
                <![CDATA[[TestResult name=Content_through_searchbar status=SUCCESS method=Blog_Testcase.Content_through_searchbar()[pri:0, instance:com.travels.qa.testcases.Blog_Testcase@5f2108b5] output={null}]]]>
              </value>
            </param>
          </params>
          <reporter-output>
          </reporter-output>
        </test-method> <!-- getResult -->
        <test-method status="PASS" signature="No_Content_through_searchbar()[pri:0, instance:com.travels.qa.testcases.Blog_Testcase@5f2108b5]" name="No_Content_through_searchbar" duration-ms="3112" started-at="2018-11-29T07:15:59Z" finished-at="2018-11-29T07:16:03Z">
          <reporter-output>
          </reporter-output>
        </test-method> <!-- No_Content_through_searchbar -->
        <test-method status="PASS" signature="teardown()[pri:0, instance:com.travels.qa.testcases.Blog_Testcase@5f2108b5]" name="teardown" is-config="true" duration-ms="947" started-at="2018-11-29T07:16:03Z" finished-at="2018-11-29T07:16:03Z">
          <reporter-output>
          </reporter-output>
        </test-method> <!-- teardown -->
        <test-method status="PASS" signature="getResult(org.testng.ITestResult)[pri:0, instance:com.travels.qa.testcases.Blog_Testcase@5f2108b5]" name="getResult" is-config="true" duration-ms="0" started-at="2018-11-29T07:16:03Z" finished-at="2018-11-29T07:16:03Z">
          <params>
            <param index="0">
              <value>
                <![CDATA[[TestResult name=No_Content_through_searchbar status=SUCCESS method=Blog_Testcase.No_Content_through_searchbar()[pri:0, instance:com.travels.qa.testcases.Blog_Testcase@5f2108b5] output={null}]]]>
              </value>
            </param>
          </params>
          <reporter-output>
          </reporter-output>
        </test-method> <!-- getResult -->
        <test-method status="PASS" signature="setup()[pri:0, instance:com.travels.qa.testcases.Blog_Testcase@5f2108b5]" name="setup" is-config="true" duration-ms="11463" started-at="2018-11-29T07:16:03Z" finished-at="2018-11-29T07:16:15Z">
          <reporter-output>
          </reporter-output>
        </test-method> <!-- setup -->
        <test-method status="PASS" signature="Side_menu_of_blog()[pri:0, instance:com.travels.qa.testcases.Blog_Testcase@5f2108b5]" name="Side_menu_of_blog" duration-ms="7491" started-at="2018-11-29T07:16:15Z" finished-at="2018-11-29T07:16:22Z">
          <reporter-output>
          </reporter-output>
        </test-method> <!-- Side_menu_of_blog -->
        <test-method status="PASS" signature="teardown()[pri:0, instance:com.travels.qa.testcases.Blog_Testcase@5f2108b5]" name="teardown" is-config="true" duration-ms="940" started-at="2018-11-29T07:16:22Z" finished-at="2018-11-29T07:16:23Z">
          <reporter-output>
          </reporter-output>
        </test-method> <!-- teardown -->
        <test-method status="PASS" signature="getResult(org.testng.ITestResult)[pri:0, instance:com.travels.qa.testcases.Blog_Testcase@5f2108b5]" name="getResult" is-config="true" duration-ms="0" started-at="2018-11-29T07:16:23Z" finished-at="2018-11-29T07:16:23Z">
          <params>
            <param index="0">
              <value>
                <![CDATA[[TestResult name=Side_menu_of_blog status=SUCCESS method=Blog_Testcase.Side_menu_of_blog()[pri:0, instance:com.travels.qa.testcases.Blog_Testcase@5f2108b5] output={null}]]]>
              </value>
            </param>
          </params>
          <reporter-output>
          </reporter-output>
        </test-method> <!-- getResult -->
      </class> <!-- com.travels.qa.testcases.Blog_Testcase -->
      <class name="com.travels.qa.testcases.HotelBooking_Testcase">
        <test-method status="PASS" signature="setup()[pri:0, instance:com.travels.qa.testcases.HotelBooking_Testcase@27c20538]" name="setup" is-config="true" duration-ms="12528" started-at="2018-11-29T07:28:07Z" finished-at="2018-11-29T07:28:20Z">
          <reporter-output>
          </reporter-output>
        </test-method> <!-- setup -->
        <test-method status="FAIL" signature="Booking_Modification()[pri:0, instance:com.travels.qa.testcases.HotelBooking_Testcase@27c20538]" name="Booking_Modification" duration-ms="30509" started-at="2018-11-29T07:28:20Z" finished-at="2018-11-29T07:28:50Z">
          <exception class="org.openqa.selenium.TimeoutException">
            <message>
              <![CDATA[timeout
  (Session info: chrome=69.0.3497.92)
  (Driver info: chromedriver=2.41.578737 (49da6702b16031c40d63e5618de03a32ff6c197e),platform=Windows NT 10.0.15063 x86_64) (WARNING: The server did not provide any stacktrace information)
Command duration or timeout: 0 milliseconds
Build info: version: '3.13.0', revision: '2f0d292', time: '2018-06-25T15:24:21.231Z'
System info: host: 'GIND04LX6R5G5Q2', ip: '10.242.76.77', os.name: 'Windows 10', os.arch: 'amd64', os.version: '10.0', java.version: '1.8.0_181'
Driver info: org.openqa.selenium.chrome.ChromeDriver
Capabilities {acceptInsecureCerts: false, acceptSslCerts: false, applicationCacheEnabled: false, browserConnectionEnabled: false, browserName: chrome, chrome: {chromedriverVersion: 2.41.578737 (49da6702b16031..., userDataDir: C:\Users\10263638\AppData\L...}, cssSelectorsEnabled: true, databaseEnabled: false, goog:chromeOptions: {debuggerAddress: localhost:49493}, handlesAlerts: true, hasTouchScreen: false, javascriptEnabled: true, locationContextEnabled: true, mobileEmulationEnabled: false, nativeEvents: true, networkConnectionEnabled: false, pageLoadStrategy: normal, platform: XP, platformName: XP, rotatable: false, setWindowRect: true, takesHeapSnapshot: true, takesScreenshot: true, unexpectedAlertBehaviour: , unhandledPromptBehavior: , version: 69.0.3497.92, webStorageEnabled: true}
Session ID: 4e72e5299ea23ff69d3b3832a2d1c123]]>
            </message>
            <full-stacktrace>
              <![CDATA[org.openqa.selenium.TimeoutException: timeout
  (Session info: chrome=69.0.3497.92)
  (Driver info: chromedriver=2.41.578737 (49da6702b16031c40d63e5618de03a32ff6c197e),platform=Windows NT 10.0.15063 x86_64) (WARNING: The server did not provide any stacktrace information)
Command duration or timeout: 0 milliseconds
Build info: version: '3.13.0', revision: '2f0d292', time: '2018-06-25T15:24:21.231Z'
System info: host: 'GIND04LX6R5G5Q2', ip: '10.242.76.77', os.name: 'Windows 10', os.arch: 'amd64', os.version: '10.0', java.version: '1.8.0_181'
Driver info: org.openqa.selenium.chrome.ChromeDriver
Capabilities {acceptInsecureCerts: false, acceptSslCerts: false, applicationCacheEnabled: false, browserConnectionEnabled: false, browserName: chrome, chrome: {chromedriverVersion: 2.41.578737 (49da6702b16031..., userDataDir: C:\Users\10263638\AppData\L...}, cssSelectorsEnabled: true, databaseEnabled: false, goog:chromeOptions: {debuggerAddress: localhost:49493}, handlesAlerts: true, hasTouchScreen: false, javascriptEnabled: true, locationContextEnabled: true, mobileEmulationEnabled: false, nativeEvents: true, networkConnectionEnabled: false, pageLoadStrategy: normal, platform: XP, platformName: XP, rotatable: false, setWindowRect: true, takesHeapSnapshot: true, takesScreenshot: true, unexpectedAlertBehaviour: , unhandledPromptBehavior: , version: 69.0.3497.92, webStorageEnabled: true}
Session ID: 4e72e5299ea23ff69d3b3832a2d1c123
at sun.reflect.NativeConstructorAccessorImpl.newInstance0(Native Method)
at sun.reflect.NativeConstructorAccessorImpl.newInstance(Unknown Source)
at sun.reflect.DelegatingConstructorAccessorImpl.newInstance(Unknown Source)
at java.lang.reflect.Constructor.newInstance(Unknown Source)
at org.openqa.selenium.remote.ErrorHandler.createThrowable(ErrorHandler.java:214)
at org.openqa.selenium.remote.ErrorHandler.throwIfResponseFailed(ErrorHandler.java:166)
at org.openqa.selenium.remote.http.JsonHttpResponseCodec.reconstructValue(JsonHttpResponseCodec.java:40)
at org.openqa.selenium.remote.http.AbstractHttpResponseCodec.decode(AbstractHttpResponseCodec.java:80)
at org.openqa.selenium.remote.http.AbstractHttpResponseCodec.decode(AbstractHttpResponseCodec.java:44)
at org.openqa.selenium.remote.HttpCommandExecutor.execute(HttpCommandExecutor.java:158)
at org.openqa.selenium.remote.service.DriverCommandExecutor.execute(DriverCommandExecutor.java:83)
at org.openqa.selenium.remote.RemoteWebDriver.execute(RemoteWebDriver.java:548)
at org.openqa.selenium.remote.RemoteWebElement.execute(RemoteWebElement.java:276)
at org.openqa.selenium.remote.RemoteWebElement.click(RemoteWebElement.java:83)
at sun.reflect.GeneratedMethodAccessor3.invoke(Unknown Source)
at sun.reflect.DelegatingMethodAccessorImpl.invoke(Unknown Source)
at java.lang.reflect.Method.invoke(Unknown Source)
at org.openqa.selenium.support.pagefactory.internal.LocatingElementHandler.invoke(LocatingElementHandler.java:51)
at com.sun.proxy.$Proxy11.click(Unknown Source)
at com.travels.qa.pages.HotelBookingPage.Updating_Hotel_Confirmation(HotelBookingPage.java:105)
at com.travels.qa.testcases.HotelBooking_Testcase.Booking_Modification(HotelBooking_Testcase.java:46)
at sun.reflect.NativeMethodAccessorImpl.invoke0(Native Method)
at sun.reflect.NativeMethodAccessorImpl.invoke(Unknown Source)
at sun.reflect.DelegatingMethodAccessorImpl.invoke(Unknown Source)
at java.lang.reflect.Method.invoke(Unknown Source)
at org.testng.internal.MethodInvocationHelper.invokeMethod(MethodInvocationHelper.java:124)
at org.testng.internal.Invoker.invokeMethod(Invoker.java:583)
at org.testng.internal.Invoker.invokeTestMethod(Invoker.java:719)
at org.testng.internal.Invoker.invokeTestMethods(Invoker.java:989)
at org.testng.internal.TestMethodWorker.invokeTestMethods(TestMethodWorker.java:125)
at org.testng.internal.TestMethodWorker.run(TestMethodWorker.java:109)
at org.testng.TestRunner.privateRun(TestRunner.java:648)
at org.testng.TestRunner.run(TestRunner.java:505)
at org.testng.SuiteRunner.runTest(SuiteRunner.java:455)
at org.testng.SuiteRunner.runSequentially(SuiteRunner.java:450)
at org.testng.SuiteRunner.privateRun(SuiteRunner.java:415)
at org.testng.SuiteRunner.run(SuiteRunner.java:364)
at org.testng.SuiteRunnerWorker.runSuite(SuiteRunnerWorker.java:52)
at org.testng.SuiteRunnerWorker.run(SuiteRunnerWorker.java:84)
at org.testng.TestNG.runSuitesSequentially(TestNG.java:1208)
at org.testng.TestNG.runSuitesLocally(TestNG.java:1137)
at org.testng.TestNG.runSuites(TestNG.java:1049)
at org.testng.TestNG.run(TestNG.java:1017)
at org.testng.remote.AbstractRemoteTestNG.run(AbstractRemoteTestNG.java:114)
at org.testng.remote.RemoteTestNG.initAndRun(RemoteTestNG.java:251)
at org.testng.remote.RemoteTestNG.main(RemoteTestNG.java:77)
]]>
            </full-stacktrace>
          </exception> <!-- org.openqa.selenium.TimeoutException -->
          <reporter-output>
          </reporter-output>
        </test-method> <!-- Booking_Modification -->
        <test-method status="PASS" signature="teardown()[pri:0, instance:com.travels.qa.testcases.HotelBooking_Testcase@27c20538]" name="teardown" is-config="true" duration-ms="994" started-at="2018-11-29T07:28:50Z" finished-at="2018-11-29T07:28:51Z">
          <reporter-output>
          </reporter-output>
        </test-method> <!-- teardown -->
        <test-method status="PASS" signature="getResult(org.testng.ITestResult)[pri:0, instance:com.travels.qa.testcases.HotelBooking_Testcase@27c20538]" name="getResult" is-config="true" duration-ms="0" started-at="2018-11-29T07:28:51Z" finished-at="2018-11-29T07:28:51Z">
          <params>
            <param index="0">
              <value>
                <![CDATA[[TestResult name=Booking_Modification status=FAILURE method=HotelBooking_Testcase.Booking_Modification()[pri:0, instance:com.travels.qa.testcases.HotelBooking_Testcase@27c20538] output={null}]]]>
              </value>
            </param>
          </params>
          <reporter-output>
          </reporter-output>
        </test-method> <!-- getResult -->
        <test-method status="PASS" signature="setup()[pri:0, instance:com.travels.qa.testcases.HotelBooking_Testcase@27c20538]" name="setup" is-config="true" duration-ms="12676" started-at="2018-11-29T07:28:51Z" finished-at="2018-11-29T07:29:04Z">
          <reporter-output>
          </reporter-output>
        </test-method> <!-- setup -->
        <test-method status="PASS" signature="RoomAvailability_Details()[pri:0, instance:com.travels.qa.testcases.HotelBooking_Testcase@27c20538]" name="RoomAvailability_Details" duration-ms="13400" started-at="2018-11-29T07:29:04Z" finished-at="2018-11-29T07:29:17Z">
          <reporter-output>
          </reporter-output>
        </test-method> <!-- RoomAvailability_Details -->
        <test-method status="PASS" signature="teardown()[pri:0, instance:com.travels.qa.testcases.HotelBooking_Testcase@27c20538]" name="teardown" is-config="true" duration-ms="983" started-at="2018-11-29T07:29:17Z" finished-at="2018-11-29T07:29:18Z">
          <reporter-output>
          </reporter-output>
        </test-method> <!-- teardown -->
        <test-method status="PASS" signature="getResult(org.testng.ITestResult)[pri:0, instance:com.travels.qa.testcases.HotelBooking_Testcase@27c20538]" name="getResult" is-config="true" duration-ms="0" started-at="2018-11-29T07:29:18Z" finished-at="2018-11-29T07:29:18Z">
          <params>
            <param index="0">
              <value>
                <![CDATA[[TestResult name=RoomAvailability_Details status=SUCCESS method=HotelBooking_Testcase.RoomAvailability_Details()[pri:0, instance:com.travels.qa.testcases.HotelBooking_Testcase@27c20538] output={null}]]]>
              </value>
            </param>
          </params>
          <reporter-output>
          </reporter-output>
        </test-method> <!-- getResult -->
        <test-method status="PASS" signature="setup()[pri:0, instance:com.travels.qa.testcases.HotelBooking_Testcase@27c20538]" name="setup" is-config="true" duration-ms="11112" started-at="2018-11-29T07:29:18Z" finished-at="2018-11-29T07:29:30Z">
          <reporter-output>
          </reporter-output>
        </test-method> <!-- setup -->
        <test-method status="PASS" signature="Room_Details()[pri:0, instance:com.travels.qa.testcases.HotelBooking_Testcase@27c20538]" name="Room_Details" duration-ms="14023" started-at="2018-11-29T07:29:30Z" finished-at="2018-11-29T07:29:44Z">
          <reporter-output>
          </reporter-output>
        </test-method> <!-- Room_Details -->
        <test-method status="PASS" signature="teardown()[pri:0, instance:com.travels.qa.testcases.HotelBooking_Testcase@27c20538]" name="teardown" is-config="true" duration-ms="1035" started-at="2018-11-29T07:29:44Z" finished-at="2018-11-29T07:29:45Z">
          <reporter-output>
          </reporter-output>
        </test-method> <!-- teardown -->
        <test-method status="PASS" signature="getResult(org.testng.ITestResult)[pri:0, instance:com.travels.qa.testcases.HotelBooking_Testcase@27c20538]" name="getResult" is-config="true" duration-ms="0" started-at="2018-11-29T07:29:45Z" finished-at="2018-11-29T07:29:45Z">
          <params>
            <param index="0">
              <value>
                <![CDATA[[TestResult name=Room_Details status=SUCCESS method=HotelBooking_Testcase.Room_Details()[pri:0, instance:com.travels.qa.testcases.HotelBooking_Testcase@27c20538] output={null}]]]>
              </value>
            </param>
          </params>
          <reporter-output>
          </reporter-output>
        </test-method> <!-- getResult -->
        <test-method status="PASS" signature="setup()[pri:0, instance:com.travels.qa.testcases.HotelBooking_Testcase@27c20538]" name="setup" is-config="true" duration-ms="11439" started-at="2018-11-29T07:29:45Z" finished-at="2018-11-29T07:29:56Z">
          <reporter-output>
          </reporter-output>
        </test-method> <!-- setup -->
        <test-method status="PASS" signature="Room_Selection()[pri:0, instance:com.travels.qa.testcases.HotelBooking_Testcase@27c20538]" name="Room_Selection" duration-ms="19617" started-at="2018-11-29T07:29:56Z" finished-at="2018-11-29T07:30:16Z">
          <reporter-output>
          </reporter-output>
        </test-method> <!-- Room_Selection -->
        <test-method status="PASS" signature="teardown()[pri:0, instance:com.travels.qa.testcases.HotelBooking_Testcase@27c20538]" name="teardown" is-config="true" duration-ms="1037" started-at="2018-11-29T07:30:16Z" finished-at="2018-11-29T07:30:17Z">
          <reporter-output>
          </reporter-output>
        </test-method> <!-- teardown -->
        <test-method status="PASS" signature="getResult(org.testng.ITestResult)[pri:0, instance:com.travels.qa.testcases.HotelBooking_Testcase@27c20538]" name="getResult" is-config="true" duration-ms="0" started-at="2018-11-29T07:30:17Z" finished-at="2018-11-29T07:30:17Z">
          <params>
            <param index="0">
              <value>
                <![CDATA[[TestResult name=Room_Selection status=SUCCESS method=HotelBooking_Testcase.Room_Selection()[pri:0, instance:com.travels.qa.testcases.HotelBooking_Testcase@27c20538] output={null}]]]>
              </value>
            </param>
          </params>
          <reporter-output>
          </reporter-output>
        </test-method> <!-- getResult -->
        <test-method status="PASS" signature="setup()[pri:0, instance:com.travels.qa.testcases.HotelBooking_Testcase@27c20538]" name="setup" is-config="true" duration-ms="17172" started-at="2018-11-29T07:30:17Z" finished-at="2018-11-29T07:30:34Z">
          <reporter-output>
          </reporter-output>
        </test-method> <!-- setup -->
        <test-method status="PASS" signature="Wishlisting_hotel()[pri:0, instance:com.travels.qa.testcases.HotelBooking_Testcase@27c20538]" name="Wishlisting_hotel" duration-ms="17226" started-at="2018-11-29T07:30:34Z" finished-at="2018-11-29T07:30:51Z">
          <reporter-output>
          </reporter-output>
        </test-method> <!-- Wishlisting_hotel -->
        <test-method status="PASS" signature="teardown()[pri:0, instance:com.travels.qa.testcases.HotelBooking_Testcase@27c20538]" name="teardown" is-config="true" duration-ms="1016" started-at="2018-11-29T07:30:51Z" finished-at="2018-11-29T07:30:52Z">
          <reporter-output>
          </reporter-output>
        </test-method> <!-- teardown -->
        <test-method status="PASS" signature="setup()[pri:0, instance:com.travels.qa.testcases.HotelBooking_Testcase@27c20538]" name="setup" is-config="true" duration-ms="11848" started-at="2018-11-29T07:30:52Z" finished-at="2018-11-29T07:31:04Z">
          <reporter-output>
          </reporter-output>
        </test-method> <!-- setup -->
        <test-method status="PASS" signature="getResult(org.testng.ITestResult)[pri:0, instance:com.travels.qa.testcases.HotelBooking_Testcase@27c20538]" name="getResult" is-config="true" duration-ms="0" started-at="2018-11-29T07:30:52Z" finished-at="2018-11-29T07:30:52Z">
          <params>
            <param index="0">
              <value>
                <![CDATA[[TestResult name=Wishlisting_hotel status=SUCCESS method=HotelBooking_Testcase.Wishlisting_hotel()[pri:0, instance:com.travels.qa.testcases.HotelBooking_Testcase@27c20538] output={null}]]]>
              </value>
            </param>
          </params>
          <reporter-output>
          </reporter-output>
        </test-method> <!-- getResult -->
        <test-method status="PASS" signature="Writing_Room_Review()[pri:0, instance:com.travels.qa.testcases.HotelBooking_Testcase@27c20538]" name="Writing_Room_Review" duration-ms="14946" started-at="2018-11-29T07:31:04Z" finished-at="2018-11-29T07:31:19Z">
          <reporter-output>
          </reporter-output>
        </test-method> <!-- Writing_Room_Review -->
        <test-method status="PASS" signature="teardown()[pri:0, instance:com.travels.qa.testcases.HotelBooking_Testcase@27c20538]" name="teardown" is-config="true" duration-ms="998" started-at="2018-11-29T07:31:19Z" finished-at="2018-11-29T07:31:20Z">
          <reporter-output>
          </reporter-output>
        </test-method> <!-- teardown -->
        <test-method status="PASS" signature="getResult(org.testng.ITestResult)[pri:0, instance:com.travels.qa.testcases.HotelBooking_Testcase@27c20538]" name="getResult" is-config="true" duration-ms="0" started-at="2018-11-29T07:31:20Z" finished-at="2018-11-29T07:31:20Z">
          <params>
            <param index="0">
              <value>
                <![CDATA[[TestResult name=Writing_Room_Review status=SUCCESS method=HotelBooking_Testcase.Writing_Room_Review()[pri:0, instance:com.travels.qa.testcases.HotelBooking_Testcase@27c20538] output={null}]]]>
              </value>
            </param>
          </params>
          <reporter-output>
          </reporter-output>
        </test-method> <!-- getResult -->
      </class> <!-- com.travels.qa.testcases.HotelBooking_Testcase -->
      <class name="com.travels.qa.testcases.Cars_Testcase">
        <test-method status="PASS" signature="setup()[pri:0, instance:com.travels.qa.testcases.Cars_Testcase@31a5c39e]" name="setup" is-config="true" duration-ms="11546" started-at="2018-11-29T07:16:23Z" finished-at="2018-11-29T07:16:35Z">
          <reporter-output>
          </reporter-output>
        </test-method> <!-- setup -->
        <test-method status="PASS" signature="Cars_Checkbox_Filter()[pri:0, instance:com.travels.qa.testcases.Cars_Testcase@31a5c39e]" name="Cars_Checkbox_Filter" duration-ms="5447" started-at="2018-11-29T07:16:35Z" finished-at="2018-11-29T07:16:40Z">
          <reporter-output>
          </reporter-output>
        </test-method> <!-- Cars_Checkbox_Filter -->
        <test-method status="PASS" signature="teardown()[pri:0, instance:com.travels.qa.testcases.Cars_Testcase@31a5c39e]" name="teardown" is-config="true" duration-ms="968" started-at="2018-11-29T07:16:40Z" finished-at="2018-11-29T07:16:41Z">
          <reporter-output>
          </reporter-output>
        </test-method> <!-- teardown -->
        <test-method status="PASS" signature="getResult(org.testng.ITestResult)[pri:0, instance:com.travels.qa.testcases.Cars_Testcase@31a5c39e]" name="getResult" is-config="true" duration-ms="0" started-at="2018-11-29T07:16:41Z" finished-at="2018-11-29T07:16:41Z">
          <params>
            <param index="0">
              <value>
                <![CDATA[[TestResult name=Cars_Checkbox_Filter status=SUCCESS method=Cars_Testcase.Cars_Checkbox_Filter()[pri:0, instance:com.travels.qa.testcases.Cars_Testcase@31a5c39e] output={null}]]]>
              </value>
            </param>
          </params>
          <reporter-output>
          </reporter-output>
        </test-method> <!-- getResult -->
        <test-method status="PASS" signature="setup()[pri:0, instance:com.travels.qa.testcases.Cars_Testcase@31a5c39e]" name="setup" is-config="true" duration-ms="11407" started-at="2018-11-29T07:16:41Z" finished-at="2018-11-29T07:16:53Z">
          <reporter-output>
          </reporter-output>
        </test-method> <!-- setup -->
        <test-method status="PASS" signature="Cars_Filter()[pri:0, instance:com.travels.qa.testcases.Cars_Testcase@31a5c39e]" name="Cars_Filter" duration-ms="5092" started-at="2018-11-29T07:16:53Z" finished-at="2018-11-29T07:16:58Z">
          <reporter-output>
          </reporter-output>
        </test-method> <!-- Cars_Filter -->
        <test-method status="PASS" signature="teardown()[pri:0, instance:com.travels.qa.testcases.Cars_Testcase@31a5c39e]" name="teardown" is-config="true" duration-ms="1020" started-at="2018-11-29T07:16:58Z" finished-at="2018-11-29T07:16:59Z">
          <reporter-output>
          </reporter-output>
        </test-method> <!-- teardown -->
        <test-method status="PASS" signature="getResult(org.testng.ITestResult)[pri:0, instance:com.travels.qa.testcases.Cars_Testcase@31a5c39e]" name="getResult" is-config="true" duration-ms="1" started-at="2018-11-29T07:16:59Z" finished-at="2018-11-29T07:16:59Z">
          <params>
            <param index="0">
              <value>
                <![CDATA[[TestResult name=Cars_Filter status=SUCCESS method=Cars_Testcase.Cars_Filter()[pri:0, instance:com.travels.qa.testcases.Cars_Testcase@31a5c39e] output={null}]]]>
              </value>
            </param>
          </params>
          <reporter-output>
          </reporter-output>
        </test-method> <!-- getResult -->
        <test-method status="PASS" signature="setup()[pri:0, instance:com.travels.qa.testcases.Cars_Testcase@31a5c39e]" name="setup" is-config="true" duration-ms="10210" started-at="2018-11-29T07:16:59Z" finished-at="2018-11-29T07:17:09Z">
          <reporter-output>
          </reporter-output>
        </test-method> <!-- setup -->
        <test-method status="PASS" signature="Navigating_to_Cars_booking()[pri:0, instance:com.travels.qa.testcases.Cars_Testcase@31a5c39e]" name="Navigating_to_Cars_booking" duration-ms="12014" started-at="2018-11-29T07:17:09Z" finished-at="2018-11-29T07:17:21Z">
          <reporter-output>
          </reporter-output>
        </test-method> <!-- Navigating_to_Cars_booking -->
        <test-method status="PASS" signature="teardown()[pri:0, instance:com.travels.qa.testcases.Cars_Testcase@31a5c39e]" name="teardown" is-config="true" duration-ms="984" started-at="2018-11-29T07:17:21Z" finished-at="2018-11-29T07:17:22Z">
          <reporter-output>
          </reporter-output>
        </test-method> <!-- teardown -->
        <test-method status="PASS" signature="getResult(org.testng.ITestResult)[pri:0, instance:com.travels.qa.testcases.Cars_Testcase@31a5c39e]" name="getResult" is-config="true" duration-ms="1" started-at="2018-11-29T07:17:22Z" finished-at="2018-11-29T07:17:22Z">
          <params>
            <param index="0">
              <value>
                <![CDATA[[TestResult name=Navigating_to_Cars_booking status=SUCCESS method=Cars_Testcase.Navigating_to_Cars_booking()[pri:0, instance:com.travels.qa.testcases.Cars_Testcase@31a5c39e] output={null}]]]>
              </value>
            </param>
          </params>
          <reporter-output>
          </reporter-output>
        </test-method> <!-- getResult -->
      </class> <!-- com.travels.qa.testcases.Cars_Testcase -->
      <class name="com.travels.qa.testcases.TourConfirmation_Testcase">
        <test-method status="PASS" signature="setup()[pri:0, instance:com.travels.qa.testcases.TourConfirmation_Testcase@4566e5bd]" name="setup" is-config="true" duration-ms="11535" started-at="2018-11-29T07:45:01Z" finished-at="2018-11-29T07:45:13Z">
          <reporter-output>
          </reporter-output>
        </test-method> <!-- setup -->
        <test-method status="PASS" signature="book_with_invalid_user()[pri:0, instance:com.travels.qa.testcases.TourConfirmation_Testcase@4566e5bd]" name="book_with_invalid_user" duration-ms="16548" started-at="2018-11-29T07:45:13Z" finished-at="2018-11-29T07:45:29Z">
          <reporter-output>
          </reporter-output>
        </test-method> <!-- book_with_invalid_user -->
        <test-method status="PASS" signature="teardown()[pri:0, instance:com.travels.qa.testcases.TourConfirmation_Testcase@4566e5bd]" name="teardown" is-config="true" duration-ms="1047" started-at="2018-11-29T07:45:29Z" finished-at="2018-11-29T07:45:30Z">
          <reporter-output>
          </reporter-output>
        </test-method> <!-- teardown -->
        <test-method status="PASS" signature="getResult(org.testng.ITestResult)[pri:0, instance:com.travels.qa.testcases.TourConfirmation_Testcase@4566e5bd]" name="getResult" is-config="true" duration-ms="0" started-at="2018-11-29T07:45:30Z" finished-at="2018-11-29T07:45:30Z">
          <params>
            <param index="0">
              <value>
                <![CDATA[[TestResult name=book_with_invalid_user status=SUCCESS method=TourConfirmation_Testcase.book_with_invalid_user()[pri:0, instance:com.travels.qa.testcases.TourConfirmation_Testcase@4566e5bd] output={null}]]]>
              </value>
            </param>
          </params>
          <reporter-output>
          </reporter-output>
        </test-method> <!-- getResult -->
        <test-method status="PASS" signature="setup()[pri:0, instance:com.travels.qa.testcases.TourConfirmation_Testcase@4566e5bd]" name="setup" is-config="true" duration-ms="12042" started-at="2018-11-29T07:45:30Z" finished-at="2018-11-29T07:45:43Z">
          <reporter-output>
          </reporter-output>
        </test-method> <!-- setup -->
        <test-method status="PASS" signature="booking_as_a_guest()[pri:0, instance:com.travels.qa.testcases.TourConfirmation_Testcase@4566e5bd]" name="booking_as_a_guest" duration-ms="19170" started-at="2018-11-29T07:45:43Z" finished-at="2018-11-29T07:46:02Z">
          <reporter-output>
          </reporter-output>
        </test-method> <!-- booking_as_a_guest -->
        <test-method status="PASS" signature="teardown()[pri:0, instance:com.travels.qa.testcases.TourConfirmation_Testcase@4566e5bd]" name="teardown" is-config="true" duration-ms="1278" started-at="2018-11-29T07:46:02Z" finished-at="2018-11-29T07:46:03Z">
          <reporter-output>
          </reporter-output>
        </test-method> <!-- teardown -->
        <test-method status="PASS" signature="setup()[pri:0, instance:com.travels.qa.testcases.TourConfirmation_Testcase@4566e5bd]" name="setup" is-config="true" duration-ms="10555" started-at="2018-11-29T07:46:03Z" finished-at="2018-11-29T07:46:14Z">
          <reporter-output>
          </reporter-output>
        </test-method> <!-- setup -->
        <test-method status="PASS" signature="getResult(org.testng.ITestResult)[pri:0, instance:com.travels.qa.testcases.TourConfirmation_Testcase@4566e5bd]" name="getResult" is-config="true" duration-ms="0" started-at="2018-11-29T07:46:03Z" finished-at="2018-11-29T07:46:03Z">
          <params>
            <param index="0">
              <value>
                <![CDATA[[TestResult name=booking_as_a_guest status=SUCCESS method=TourConfirmation_Testcase.booking_as_a_guest()[pri:0, instance:com.travels.qa.testcases.TourConfirmation_Testcase@4566e5bd] output={null}]]]>
              </value>
            </param>
          </params>
          <reporter-output>
          </reporter-output>
        </test-method> <!-- getResult -->
        <test-method status="PASS" signature="make_a_note_while_ordering()[pri:0, instance:com.travels.qa.testcases.TourConfirmation_Testcase@4566e5bd]" name="make_a_note_while_ordering" duration-ms="18101" started-at="2018-11-29T07:46:14Z" finished-at="2018-11-29T07:46:32Z">
          <reporter-output>
          </reporter-output>
        </test-method> <!-- make_a_note_while_ordering -->
        <test-method status="PASS" signature="teardown()[pri:0, instance:com.travels.qa.testcases.TourConfirmation_Testcase@4566e5bd]" name="teardown" is-config="true" duration-ms="1030" started-at="2018-11-29T07:46:32Z" finished-at="2018-11-29T07:46:33Z">
          <reporter-output>
          </reporter-output>
        </test-method> <!-- teardown -->
        <test-method status="PASS" signature="getResult(org.testng.ITestResult)[pri:0, instance:com.travels.qa.testcases.TourConfirmation_Testcase@4566e5bd]" name="getResult" is-config="true" duration-ms="0" started-at="2018-11-29T07:46:33Z" finished-at="2018-11-29T07:46:33Z">
          <params>
            <param index="0">
              <value>
                <![CDATA[[TestResult name=make_a_note_while_ordering status=SUCCESS method=TourConfirmation_Testcase.make_a_note_while_ordering()[pri:0, instance:com.travels.qa.testcases.TourConfirmation_Testcase@4566e5bd] output={null}]]]>
              </value>
            </param>
          </params>
          <reporter-output>
          </reporter-output>
        </test-method> <!-- getResult -->
      </class> <!-- com.travels.qa.testcases.TourConfirmation_Testcase -->
      <class name="com.travels.qa.testcases.HotelInvoice_Testcase">
        <test-method status="PASS" signature="setup()[pri:0, instance:com.travels.qa.testcases.HotelInvoice_Testcase@6e06451e]" name="setup" is-config="true" duration-ms="14123" started-at="2018-11-29T07:33:00Z" finished-at="2018-11-29T07:33:14Z">
          <reporter-output>
          </reporter-output>
        </test-method> <!-- setup -->
        <test-method status="PASS" signature="Invoice_Visibility()[pri:0, instance:com.travels.qa.testcases.HotelInvoice_Testcase@6e06451e]" name="Invoice_Visibility" duration-ms="20343" started-at="2018-11-29T07:33:14Z" finished-at="2018-11-29T07:33:35Z">
          <reporter-output>
          </reporter-output>
        </test-method> <!-- Invoice_Visibility -->
        <test-method status="PASS" signature="teardown()[pri:0, instance:com.travels.qa.testcases.HotelInvoice_Testcase@6e06451e]" name="teardown" is-config="true" duration-ms="1013" started-at="2018-11-29T07:33:35Z" finished-at="2018-11-29T07:33:36Z">
          <reporter-output>
          </reporter-output>
        </test-method> <!-- teardown -->
        <test-method status="PASS" signature="getResult(org.testng.ITestResult)[pri:0, instance:com.travels.qa.testcases.HotelInvoice_Testcase@6e06451e]" name="getResult" is-config="true" duration-ms="0" started-at="2018-11-29T07:33:36Z" finished-at="2018-11-29T07:33:36Z">
          <params>
            <param index="0">
              <value>
                <![CDATA[[TestResult name=Invoice_Visibility status=SUCCESS method=HotelInvoice_Testcase.Invoice_Visibility()[pri:0, instance:com.travels.qa.testcases.HotelInvoice_Testcase@6e06451e] output={null}]]]>
              </value>
            </param>
          </params>
          <reporter-output>
          </reporter-output>
        </test-method> <!-- getResult -->
        <test-method status="PASS" signature="setup()[pri:0, instance:com.travels.qa.testcases.HotelInvoice_Testcase@6e06451e]" name="setup" is-config="true" duration-ms="10226" started-at="2018-11-29T07:33:36Z" finished-at="2018-11-29T07:33:46Z">
          <reporter-output>
          </reporter-output>
        </test-method> <!-- setup -->
        <test-method status="PASS" signature="payement_on_arrival()[pri:0, instance:com.travels.qa.testcases.HotelInvoice_Testcase@6e06451e]" name="payement_on_arrival" duration-ms="21256" started-at="2018-11-29T07:33:46Z" finished-at="2018-11-29T07:34:07Z">
          <reporter-output>
          </reporter-output>
        </test-method> <!-- payement_on_arrival -->
        <test-method status="PASS" signature="teardown()[pri:0, instance:com.travels.qa.testcases.HotelInvoice_Testcase@6e06451e]" name="teardown" is-config="true" duration-ms="986" started-at="2018-11-29T07:34:07Z" finished-at="2018-11-29T07:34:08Z">
          <reporter-output>
          </reporter-output>
        </test-method> <!-- teardown -->
        <test-method status="PASS" signature="getResult(org.testng.ITestResult)[pri:0, instance:com.travels.qa.testcases.HotelInvoice_Testcase@6e06451e]" name="getResult" is-config="true" duration-ms="0" started-at="2018-11-29T07:34:08Z" finished-at="2018-11-29T07:34:08Z">
          <params>
            <param index="0">
              <value>
                <![CDATA[[TestResult name=payement_on_arrival status=SUCCESS method=HotelInvoice_Testcase.payement_on_arrival()[pri:0, instance:com.travels.qa.testcases.HotelInvoice_Testcase@6e06451e] output={null}]]]>
              </value>
            </param>
          </params>
          <reporter-output>
          </reporter-output>
        </test-method> <!-- getResult -->
        <test-method status="PASS" signature="setup()[pri:0, instance:com.travels.qa.testcases.HotelInvoice_Testcase@6e06451e]" name="setup" is-config="true" duration-ms="10676" started-at="2018-11-29T07:34:08Z" finished-at="2018-11-29T07:34:19Z">
          <reporter-output>
          </reporter-output>
        </test-method> <!-- setup -->
        <test-method status="PASS" signature="payment_Now()[pri:0, instance:com.travels.qa.testcases.HotelInvoice_Testcase@6e06451e]" name="payment_Now" duration-ms="43767" started-at="2018-11-29T07:34:19Z" finished-at="2018-11-29T07:35:03Z">
          <reporter-output>
          </reporter-output>
        </test-method> <!-- payment_Now -->
        <test-method status="PASS" signature="teardown()[pri:0, instance:com.travels.qa.testcases.HotelInvoice_Testcase@6e06451e]" name="teardown" is-config="true" duration-ms="1066" started-at="2018-11-29T07:35:03Z" finished-at="2018-11-29T07:35:04Z">
          <reporter-output>
          </reporter-output>
        </test-method> <!-- teardown -->
        <test-method status="PASS" signature="getResult(org.testng.ITestResult)[pri:0, instance:com.travels.qa.testcases.HotelInvoice_Testcase@6e06451e]" name="getResult" is-config="true" duration-ms="0" started-at="2018-11-29T07:35:04Z" finished-at="2018-11-29T07:35:04Z">
          <params>
            <param index="0">
              <value>
                <![CDATA[[TestResult name=payment_Now status=SUCCESS method=HotelInvoice_Testcase.payment_Now()[pri:0, instance:com.travels.qa.testcases.HotelInvoice_Testcase@6e06451e] output={null}]]]>
              </value>
            </param>
          </params>
          <reporter-output>
          </reporter-output>
        </test-method> <!-- getResult -->
        <test-method status="PASS" signature="setup()[pri:0, instance:com.travels.qa.testcases.HotelInvoice_Testcase@6e06451e]" name="setup" is-config="true" duration-ms="13558" started-at="2018-11-29T07:35:04Z" finished-at="2018-11-29T07:35:17Z">
          <reporter-output>
          </reporter-output>
        </test-method> <!-- setup -->
        <test-method status="PASS" signature="payment_on_arrival_when_SignedUp()[pri:0, instance:com.travels.qa.testcases.HotelInvoice_Testcase@6e06451e]" name="payment_on_arrival_when_SignedUp" duration-ms="27183" started-at="2018-11-29T07:35:17Z" finished-at="2018-11-29T07:35:45Z">
          <reporter-output>
          </reporter-output>
        </test-method> <!-- payment_on_arrival_when_SignedUp -->
        <test-method status="PASS" signature="teardown()[pri:0, instance:com.travels.qa.testcases.HotelInvoice_Testcase@6e06451e]" name="teardown" is-config="true" duration-ms="991" started-at="2018-11-29T07:35:45Z" finished-at="2018-11-29T07:35:46Z">
          <reporter-output>
          </reporter-output>
        </test-method> <!-- teardown -->
        <test-method status="PASS" signature="getResult(org.testng.ITestResult)[pri:0, instance:com.travels.qa.testcases.HotelInvoice_Testcase@6e06451e]" name="getResult" is-config="true" duration-ms="0" started-at="2018-11-29T07:35:46Z" finished-at="2018-11-29T07:35:46Z">
          <params>
            <param index="0">
              <value>
                <![CDATA[[TestResult name=payment_on_arrival_when_SignedUp status=SUCCESS method=HotelInvoice_Testcase.payment_on_arrival_when_SignedUp()[pri:0, instance:com.travels.qa.testcases.HotelInvoice_Testcase@6e06451e] output={null}]]]>
              </value>
            </param>
          </params>
          <reporter-output>
          </reporter-output>
        </test-method> <!-- getResult -->
      </class> <!-- com.travels.qa.testcases.HotelInvoice_Testcase -->
      <class name="com.travels.qa.testcases.CarsConfirmation_Testcase">
        <test-method status="PASS" signature="setup()[pri:0, instance:com.travels.qa.testcases.CarsConfirmation_Testcase@1e397ed7]" name="setup" is-config="true" duration-ms="12425" started-at="2018-11-29T07:17:46Z" finished-at="2018-11-29T07:17:58Z">
          <reporter-output>
          </reporter-output>
        </test-method> <!-- setup -->
        <test-method status="PASS" signature="book_with_invalid_user()[pri:0, instance:com.travels.qa.testcases.CarsConfirmation_Testcase@1e397ed7]" name="book_with_invalid_user" duration-ms="14491" started-at="2018-11-29T07:17:58Z" finished-at="2018-11-29T07:18:13Z">
          <reporter-output>
          </reporter-output>
        </test-method> <!-- book_with_invalid_user -->
        <test-method status="PASS" signature="teardown()[pri:0, instance:com.travels.qa.testcases.CarsConfirmation_Testcase@1e397ed7]" name="teardown" is-config="true" duration-ms="993" started-at="2018-11-29T07:18:13Z" finished-at="2018-11-29T07:18:14Z">
          <reporter-output>
          </reporter-output>
        </test-method> <!-- teardown -->
        <test-method status="PASS" signature="getResult(org.testng.ITestResult)[pri:0, instance:com.travels.qa.testcases.CarsConfirmation_Testcase@1e397ed7]" name="getResult" is-config="true" duration-ms="1" started-at="2018-11-29T07:18:14Z" finished-at="2018-11-29T07:18:14Z">
          <params>
            <param index="0">
              <value>
                <![CDATA[[TestResult name=book_with_invalid_user status=SUCCESS method=CarsConfirmation_Testcase.book_with_invalid_user()[pri:0, instance:com.travels.qa.testcases.CarsConfirmation_Testcase@1e397ed7] output={null}]]]>
              </value>
            </param>
          </params>
          <reporter-output>
          </reporter-output>
        </test-method> <!-- getResult -->
        <test-method status="PASS" signature="setup()[pri:0, instance:com.travels.qa.testcases.CarsConfirmation_Testcase@1e397ed7]" name="setup" is-config="true" duration-ms="10265" started-at="2018-11-29T07:18:14Z" finished-at="2018-11-29T07:18:24Z">
          <reporter-output>
          </reporter-output>
        </test-method> <!-- setup -->
        <test-method status="FAIL" signature="booking_as_a_guest()[pri:0, instance:com.travels.qa.testcases.CarsConfirmation_Testcase@1e397ed7]" name="booking_as_a_guest" duration-ms="24290" started-at="2018-11-29T07:18:24Z" finished-at="2018-11-29T07:18:48Z">
          <exception class="org.openqa.selenium.TimeoutException">
            <message>
              <![CDATA[timeout
  (Session info: chrome=69.0.3497.92)
  (Driver info: chromedriver=2.41.578737 (49da6702b16031c40d63e5618de03a32ff6c197e),platform=Windows NT 10.0.15063 x86_64) (WARNING: The server did not provide any stacktrace information)
Command duration or timeout: 0 milliseconds
Build info: version: '3.13.0', revision: '2f0d292', time: '2018-06-25T15:24:21.231Z'
System info: host: 'GIND04LX6R5G5Q2', ip: '10.242.76.77', os.name: 'Windows 10', os.arch: 'amd64', os.version: '10.0', java.version: '1.8.0_181'
Driver info: org.openqa.selenium.chrome.ChromeDriver
Capabilities {acceptInsecureCerts: false, acceptSslCerts: false, applicationCacheEnabled: false, browserConnectionEnabled: false, browserName: chrome, chrome: {chromedriverVersion: 2.41.578737 (49da6702b16031..., userDataDir: C:\Users\10263638\AppData\L...}, cssSelectorsEnabled: true, databaseEnabled: false, goog:chromeOptions: {debuggerAddress: localhost:63808}, handlesAlerts: true, hasTouchScreen: false, javascriptEnabled: true, locationContextEnabled: true, mobileEmulationEnabled: false, nativeEvents: true, networkConnectionEnabled: false, pageLoadStrategy: normal, platform: XP, platformName: XP, rotatable: false, setWindowRect: true, takesHeapSnapshot: true, takesScreenshot: true, unexpectedAlertBehaviour: , unhandledPromptBehavior: , version: 69.0.3497.92, webStorageEnabled: true}
Session ID: 1d8db394ff6763e4355982c9300ff60e]]>
            </message>
            <full-stacktrace>
              <![CDATA[org.openqa.selenium.TimeoutException: timeout
  (Session info: chrome=69.0.3497.92)
  (Driver info: chromedriver=2.41.578737 (49da6702b16031c40d63e5618de03a32ff6c197e),platform=Windows NT 10.0.15063 x86_64) (WARNING: The server did not provide any stacktrace information)
Command duration or timeout: 0 milliseconds
Build info: version: '3.13.0', revision: '2f0d292', time: '2018-06-25T15:24:21.231Z'
System info: host: 'GIND04LX6R5G5Q2', ip: '10.242.76.77', os.name: 'Windows 10', os.arch: 'amd64', os.version: '10.0', java.version: '1.8.0_181'
Driver info: org.openqa.selenium.chrome.ChromeDriver
Capabilities {acceptInsecureCerts: false, acceptSslCerts: false, applicationCacheEnabled: false, browserConnectionEnabled: false, browserName: chrome, chrome: {chromedriverVersion: 2.41.578737 (49da6702b16031..., userDataDir: C:\Users\10263638\AppData\L...}, cssSelectorsEnabled: true, databaseEnabled: false, goog:chromeOptions: {debuggerAddress: localhost:63808}, handlesAlerts: true, hasTouchScreen: false, javascriptEnabled: true, locationContextEnabled: true, mobileEmulationEnabled: false, nativeEvents: true, networkConnectionEnabled: false, pageLoadStrategy: normal, platform: XP, platformName: XP, rotatable: false, setWindowRect: true, takesHeapSnapshot: true, takesScreenshot: true, unexpectedAlertBehaviour: , unhandledPromptBehavior: , version: 69.0.3497.92, webStorageEnabled: true}
Session ID: 1d8db394ff6763e4355982c9300ff60e
at sun.reflect.NativeConstructorAccessorImpl.newInstance0(Native Method)
at sun.reflect.NativeConstructorAccessorImpl.newInstance(Unknown Source)
at sun.reflect.DelegatingConstructorAccessorImpl.newInstance(Unknown Source)
at java.lang.reflect.Constructor.newInstance(Unknown Source)
at org.openqa.selenium.remote.ErrorHandler.createThrowable(ErrorHandler.java:214)
at org.openqa.selenium.remote.ErrorHandler.throwIfResponseFailed(ErrorHandler.java:166)
at org.openqa.selenium.remote.http.JsonHttpResponseCodec.reconstructValue(JsonHttpResponseCodec.java:40)
at org.openqa.selenium.remote.http.AbstractHttpResponseCodec.decode(AbstractHttpResponseCodec.java:80)
at org.openqa.selenium.remote.http.AbstractHttpResponseCodec.decode(AbstractHttpResponseCodec.java:44)
at org.openqa.selenium.remote.HttpCommandExecutor.execute(HttpCommandExecutor.java:158)
at org.openqa.selenium.remote.service.DriverCommandExecutor.execute(DriverCommandExecutor.java:83)
at org.openqa.selenium.remote.RemoteWebDriver.execute(RemoteWebDriver.java:548)
at org.openqa.selenium.remote.RemoteWebElement.execute(RemoteWebElement.java:276)
at org.openqa.selenium.remote.RemoteWebElement.click(RemoteWebElement.java:83)
at sun.reflect.GeneratedMethodAccessor3.invoke(Unknown Source)
at sun.reflect.DelegatingMethodAccessorImpl.invoke(Unknown Source)
at java.lang.reflect.Method.invoke(Unknown Source)
at org.openqa.selenium.support.pagefactory.internal.LocatingElementHandler.invoke(LocatingElementHandler.java:51)
at com.sun.proxy.$Proxy11.click(Unknown Source)
at com.travels.qa.pages.CarsPage.Cars_Booking(CarsPage.java:36)
at com.travels.qa.testcases.CarsConfirmation_Testcase.booking_as_a_guest(CarsConfirmation_Testcase.java:47)
at sun.reflect.NativeMethodAccessorImpl.invoke0(Native Method)
at sun.reflect.NativeMethodAccessorImpl.invoke(Unknown Source)
at sun.reflect.DelegatingMethodAccessorImpl.invoke(Unknown Source)
at java.lang.reflect.Method.invoke(Unknown Source)
at org.testng.internal.MethodInvocationHelper.invokeMethod(MethodInvocationHelper.java:124)
at org.testng.internal.Invoker.invokeMethod(Invoker.java:583)
at org.testng.internal.Invoker.invokeTestMethod(Invoker.java:719)
at org.testng.internal.Invoker.invokeTestMethods(Invoker.java:989)
at org.testng.internal.TestMethodWorker.invokeTestMethods(TestMethodWorker.java:125)
at org.testng.internal.TestMethodWorker.run(TestMethodWorker.java:109)
at org.testng.TestRunner.privateRun(TestRunner.java:648)
at org.testng.TestRunner.run(TestRunner.java:505)
at org.testng.SuiteRunner.runTest(SuiteRunner.java:455)
at org.testng.SuiteRunner.runSequentially(SuiteRunner.java:450)
at org.testng.SuiteRunner.privateRun(SuiteRunner.java:415)
at org.testng.SuiteRunner.run(SuiteRunner.java:364)
at org.testng.SuiteRunnerWorker.runSuite(SuiteRunnerWorker.java:52)
at org.testng.SuiteRunnerWorker.run(SuiteRunnerWorker.java:84)
at org.testng.TestNG.runSuitesSequentially(TestNG.java:1208)
at org.testng.TestNG.runSuitesLocally(TestNG.java:1137)
at org.testng.TestNG.runSuites(TestNG.java:1049)
at org.testng.TestNG.run(TestNG.java:1017)
at org.testng.remote.AbstractRemoteTestNG.run(AbstractRemoteTestNG.java:114)
at org.testng.remote.RemoteTestNG.initAndRun(RemoteTestNG.java:251)
at org.testng.remote.RemoteTestNG.main(RemoteTestNG.java:77)
]]>
            </full-stacktrace>
          </exception> <!-- org.openqa.selenium.TimeoutException -->
          <reporter-output>
          </reporter-output>
        </test-method> <!-- booking_as_a_guest -->
        <test-method status="PASS" signature="teardown()[pri:0, instance:com.travels.qa.testcases.CarsConfirmation_Testcase@1e397ed7]" name="teardown" is-config="true" duration-ms="1005" started-at="2018-11-29T07:18:48Z" finished-at="2018-11-29T07:18:49Z">
          <reporter-output>
          </reporter-output>
        </test-method> <!-- teardown -->
        <test-method status="PASS" signature="getResult(org.testng.ITestResult)[pri:0, instance:com.travels.qa.testcases.CarsConfirmation_Testcase@1e397ed7]" name="getResult" is-config="true" duration-ms="4" started-at="2018-11-29T07:18:49Z" finished-at="2018-11-29T07:18:49Z">
          <params>
            <param index="0">
              <value>
                <![CDATA[[TestResult name=booking_as_a_guest status=FAILURE method=CarsConfirmation_Testcase.booking_as_a_guest()[pri:0, instance:com.travels.qa.testcases.CarsConfirmation_Testcase@1e397ed7] output={null}]]]>
              </value>
            </param>
          </params>
          <reporter-output>
          </reporter-output>
        </test-method> <!-- getResult -->
        <test-method status="PASS" signature="setup()[pri:0, instance:com.travels.qa.testcases.CarsConfirmation_Testcase@1e397ed7]" name="setup" is-config="true" duration-ms="12447" started-at="2018-11-29T07:18:49Z" finished-at="2018-11-29T07:19:02Z">
          <reporter-output>
          </reporter-output>
        </test-method> <!-- setup -->
        <test-method status="PASS" signature="make_a_note_while_ordering()[pri:0, instance:com.travels.qa.testcases.CarsConfirmation_Testcase@1e397ed7]" name="make_a_note_while_ordering" duration-ms="20879" started-at="2018-11-29T07:19:02Z" finished-at="2018-11-29T07:19:23Z">
          <reporter-output>
          </reporter-output>
        </test-method> <!-- make_a_note_while_ordering -->
        <test-method status="PASS" signature="teardown()[pri:0, instance:com.travels.qa.testcases.CarsConfirmation_Testcase@1e397ed7]" name="teardown" is-config="true" duration-ms="1002" started-at="2018-11-29T07:19:23Z" finished-at="2018-11-29T07:19:24Z">
          <reporter-output>
          </reporter-output>
        </test-method> <!-- teardown -->
        <test-method status="PASS" signature="getResult(org.testng.ITestResult)[pri:0, instance:com.travels.qa.testcases.CarsConfirmation_Testcase@1e397ed7]" name="getResult" is-config="true" duration-ms="0" started-at="2018-11-29T07:19:24Z" finished-at="2018-11-29T07:19:24Z">
          <params>
            <param index="0">
              <value>
[...]
          <reporter-output>
          </reporter-output>
        </test-method> <!-- teardown -->
        <test-method status="PASS" signature="getResult(org.testng.ITestResult)[pri:0, instance:com.travels.qa.testcases.HotelConfirmation_Testcase@72d818d1]" name="getResult" is-config="true" duration-ms="0" started-at="2018-11-29T07:32:21Z" finished-at="2018-11-29T07:32:21Z">
          <params>
            <param index="0">
              <value>
                <![CDATA[[TestResult name=booking_as_a_guest status=SUCCESS method=HotelConfirmation_Testcase.booking_as_a_guest()[pri:0, instance:com.travels.qa.testcases.HotelConfirmation_Testcase@72d818d1] output={null}]]]>
              </value>
            </param>
          </params>
          <reporter-output>
          </reporter-output>
        </test-method> <!-- getResult -->
        <test-method status="PASS" signature="setup()[pri:0, instance:com.travels.qa.testcases.HotelConfirmation_Testcase@72d818d1]" name="setup" is-config="true" duration-ms="14472" started-at="2018-11-29T07:32:21Z" finished-at="2018-11-29T07:32:35Z">
          <reporter-output>
          </reporter-output>
        </test-method> <!-- setup -->
        <test-method status="PASS" signature="make_a_note_while_ordering()[pri:0, instance:com.travels.qa.testcases.HotelConfirmation_Testcase@72d818d1]" name="make_a_note_while_ordering" duration-ms="23866" started-at="2018-11-29T07:32:35Z" finished-at="2018-11-29T07:32:59Z">
          <reporter-output>
          </reporter-output>
        </test-method> <!-- make_a_note_while_ordering -->
        <test-method status="PASS" signature="teardown()[pri:0, instance:com.travels.qa.testcases.HotelConfirmation_Testcase@72d818d1]" name="teardown" is-config="true" duration-ms="1012" started-at="2018-11-29T07:32:59Z" finished-at="2018-11-29T07:33:00Z">
          <reporter-output>
          </reporter-output>
        </test-method> <!-- teardown -->
        <test-method status="PASS" signature="getResult(org.testng.ITestResult)[pri:0, instance:com.travels.qa.testcases.HotelConfirmation_Testcase@72d818d1]" name="getResult" is-config="true" duration-ms="0" started-at="2018-11-29T07:33:00Z" finished-at="2018-11-29T07:33:00Z">
          <params>
            <param index="0">
              <value>
                <![CDATA[[TestResult name=make_a_note_while_ordering status=SUCCESS method=HotelConfirmation_Testcase.make_a_note_while_ordering()[pri:0, instance:com.travels.qa.testcases.HotelConfirmation_Testcase@72d818d1] output={null}]]]>
              </value>
            </param>
          </params>
          <reporter-output>
          </reporter-output>
        </test-method> <!-- getResult -->
      </class> <!-- com.travels.qa.testcases.HotelConfirmation_Testcase -->
      <class name="com.travels.qa.testcases.TourBooking_Testcase">
        <test-method status="PASS" signature="setup()[pri:0, instance:com.travels.qa.testcases.TourBooking_Testcase@56ef9176]" name="setup" is-config="true" duration-ms="11360" started-at="2018-11-29T07:44:06Z" finished-at="2018-11-29T07:44:17Z">
          <reporter-output>
          </reporter-output>
        </test-method> <!-- setup -->
        <test-method status="PASS" signature="Date_Change_Of_the_Tour()[pri:0, instance:com.travels.qa.testcases.TourBooking_Testcase@56ef9176]" name="Date_Change_Of_the_Tour" duration-ms="15766" started-at="2018-11-29T07:44:17Z" finished-at="2018-11-29T07:44:33Z">
          <reporter-output>
          </reporter-output>
        </test-method> <!-- Date_Change_Of_the_Tour -->
        <test-method status="PASS" signature="teardown()[pri:0, instance:com.travels.qa.testcases.TourBooking_Testcase@56ef9176]" name="teardown" is-config="true" duration-ms="1169" started-at="2018-11-29T07:44:33Z" finished-at="2018-11-29T07:44:34Z">
          <reporter-output>
          </reporter-output>
        </test-method> <!-- teardown -->
        <test-method status="PASS" signature="getResult(org.testng.ITestResult)[pri:0, instance:com.travels.qa.testcases.TourBooking_Testcase@56ef9176]" name="getResult" is-config="true" duration-ms="1" started-at="2018-11-29T07:44:34Z" finished-at="2018-11-29T07:44:34Z">
          <params>
            <param index="0">
              <value>
                <![CDATA[[TestResult name=Date_Change_Of_the_Tour status=SUCCESS method=TourBooking_Testcase.Date_Change_Of_the_Tour()[pri:0, instance:com.travels.qa.testcases.TourBooking_Testcase@56ef9176] output={null}]]]>
              </value>
            </param>
          </params>
          <reporter-output>
          </reporter-output>
        </test-method> <!-- getResult -->
        <test-method status="PASS" signature="setup()[pri:0, instance:com.travels.qa.testcases.TourBooking_Testcase@56ef9176]" name="setup" is-config="true" duration-ms="14178" started-at="2018-11-29T07:44:34Z" finished-at="2018-11-29T07:44:48Z">
          <reporter-output>
          </reporter-output>
        </test-method> <!-- setup -->
        <test-method status="PASS" signature="booking_tour()[pri:0, instance:com.travels.qa.testcases.TourBooking_Testcase@56ef9176]" name="booking_tour" duration-ms="11810" started-at="2018-11-29T07:44:48Z" finished-at="2018-11-29T07:45:00Z">
          <reporter-output>
          </reporter-output>
        </test-method> <!-- booking_tour -->
        <test-method status="PASS" signature="teardown()[pri:0, instance:com.travels.qa.testcases.TourBooking_Testcase@56ef9176]" name="teardown" is-config="true" duration-ms="1173" started-at="2018-11-29T07:45:00Z" finished-at="2018-11-29T07:45:01Z">
          <reporter-output>
          </reporter-output>
        </test-method> <!-- teardown -->
        <test-method status="PASS" signature="getResult(org.testng.ITestResult)[pri:0, instance:com.travels.qa.testcases.TourBooking_Testcase@56ef9176]" name="getResult" is-config="true" duration-ms="1" started-at="2018-11-29T07:45:01Z" finished-at="2018-11-29T07:45:01Z">
          <params>
            <param index="0">
              <value>
                <![CDATA[[TestResult name=booking_tour status=SUCCESS method=TourBooking_Testcase.booking_tour()[pri:0, instance:com.travels.qa.testcases.TourBooking_Testcase@56ef9176] output={null}]]]>
              </value>
            </param>
          </params>
          <reporter-output>
          </reporter-output>
        </test-method> <!-- getResult -->
      </class> <!-- com.travels.qa.testcases.TourBooking_Testcase -->
      <class name="com.travels.qa.testcases.TourInvoice_Testcase">
        <test-method status="PASS" signature="setup()[pri:0, instance:com.travels.qa.testcases.TourInvoice_Testcase@1ed4004b]" name="setup" is-config="true" duration-ms="10096" started-at="2018-11-29T07:46:33Z" finished-at="2018-11-29T07:46:43Z">
          <reporter-output>
          </reporter-output>
        </test-method> <!-- setup -->
        <test-method status="PASS" signature="Invoice_Visibility()[pri:0, instance:com.travels.qa.testcases.TourInvoice_Testcase@1ed4004b]" name="Invoice_Visibility" duration-ms="20850" started-at="2018-11-29T07:46:43Z" finished-at="2018-11-29T07:47:04Z">
          <reporter-output>
          </reporter-output>
        </test-method> <!-- Invoice_Visibility -->
        <test-method status="PASS" signature="teardown()[pri:0, instance:com.travels.qa.testcases.TourInvoice_Testcase@1ed4004b]" name="teardown" is-config="true" duration-ms="1307" started-at="2018-11-29T07:47:04Z" finished-at="2018-11-29T07:47:05Z">
          <reporter-output>
          </reporter-output>
        </test-method> <!-- teardown -->
        <test-method status="PASS" signature="getResult(org.testng.ITestResult)[pri:0, instance:com.travels.qa.testcases.TourInvoice_Testcase@1ed4004b]" name="getResult" is-config="true" duration-ms="1" started-at="2018-11-29T07:47:05Z" finished-at="2018-11-29T07:47:05Z">
          <params>
            <param index="0">
              <value>
                <![CDATA[[TestResult name=Invoice_Visibility status=SUCCESS method=TourInvoice_Testcase.Invoice_Visibility()[pri:0, instance:com.travels.qa.testcases.TourInvoice_Testcase@1ed4004b] output={null}]]]>
              </value>
            </param>
          </params>
          <reporter-output>
          </reporter-output>
        </test-method> <!-- getResult -->
        <test-method status="PASS" signature="setup()[pri:0, instance:com.travels.qa.testcases.TourInvoice_Testcase@1ed4004b]" name="setup" is-config="true" duration-ms="10195" started-at="2018-11-29T07:47:05Z" finished-at="2018-11-29T07:47:15Z">
          <reporter-output>
          </reporter-output>
        </test-method> <!-- setup -->
        <test-method status="PASS" signature="payement_on_arrival()[pri:0, instance:com.travels.qa.testcases.TourInvoice_Testcase@1ed4004b]" name="payement_on_arrival" duration-ms="19337" started-at="2018-11-29T07:47:15Z" finished-at="2018-11-29T07:47:34Z">
          <reporter-output>
          </reporter-output>
        </test-method> <!-- payement_on_arrival -->
        <test-method status="PASS" signature="teardown()[pri:0, instance:com.travels.qa.testcases.TourInvoice_Testcase@1ed4004b]" name="teardown" is-config="true" duration-ms="1056" started-at="2018-11-29T07:47:34Z" finished-at="2018-11-29T07:47:35Z">
          <reporter-output>
          </reporter-output>
        </test-method> <!-- teardown -->
        <test-method status="PASS" signature="getResult(org.testng.ITestResult)[pri:0, instance:com.travels.qa.testcases.TourInvoice_Testcase@1ed4004b]" name="getResult" is-config="true" duration-ms="0" started-at="2018-11-29T07:47:35Z" finished-at="2018-11-29T07:47:35Z">
          <params>
            <param index="0">
              <value>
                <![CDATA[[TestResult name=payement_on_arrival status=SUCCESS method=TourInvoice_Testcase.payement_on_arrival()[pri:0, instance:com.travels.qa.testcases.TourInvoice_Testcase@1ed4004b] output={null}]]]>
              </value>
            </param>
          </params>
          <reporter-output>
          </reporter-output>
        </test-method> <!-- getResult -->
        <test-method status="PASS" signature="setup()[pri:0, instance:com.travels.qa.testcases.TourInvoice_Testcase@1ed4004b]" name="setup" is-config="true" duration-ms="11551" started-at="2018-11-29T07:47:35Z" finished-at="2018-11-29T07:47:47Z">
          <reporter-output>
          </reporter-output>
        </test-method> <!-- setup -->
        <test-method status="PASS" signature="payment_Now()[pri:0, instance:com.travels.qa.testcases.TourInvoice_Testcase@1ed4004b]" name="payment_Now" duration-ms="37925" started-at="2018-11-29T07:47:47Z" finished-at="2018-11-29T07:48:25Z">
          <reporter-output>
          </reporter-output>
        </test-method> <!-- payment_Now -->
        <test-method status="PASS" signature="teardown()[pri:0, instance:com.travels.qa.testcases.TourInvoice_Testcase@1ed4004b]" name="teardown" is-config="true" duration-ms="1056" started-at="2018-11-29T07:48:25Z" finished-at="2018-11-29T07:48:26Z">
          <reporter-output>
          </reporter-output>
        </test-method> <!-- teardown -->
        <test-method status="PASS" signature="getResult(org.testng.ITestResult)[pri:0, instance:com.travels.qa.testcases.TourInvoice_Testcase@1ed4004b]" name="getResult" is-config="true" duration-ms="0" started-at="2018-11-29T07:48:26Z" finished-at="2018-11-29T07:48:26Z">
          <params>
            <param index="0">
              <value>
                <![CDATA[[TestResult name=payment_Now status=SUCCESS method=TourInvoice_Testcase.payment_Now()[pri:0, instance:com.travels.qa.testcases.TourInvoice_Testcase@1ed4004b] output={null}]]]>
              </value>
            </param>
          </params>
          <reporter-output>
          </reporter-output>
        </test-method> <!-- getResult -->
        <test-method status="PASS" signature="setup()[pri:0, instance:com.travels.qa.testcases.TourInvoice_Testcase@1ed4004b]" name="setup" is-config="true" duration-ms="11242" started-at="2018-11-29T07:48:26Z" finished-at="2018-11-29T07:48:37Z">
          <reporter-output>
          </reporter-output>
        </test-method> <!-- setup -->
        <test-method status="FAIL" signature="payment_on_arrival_when_SignedUp()[pri:0, instance:com.travels.qa.testcases.TourInvoice_Testcase@1ed4004b]" name="payment_on_arrival_when_SignedUp" duration-ms="20913" started-at="2018-11-29T07:48:37Z" finished-at="2018-11-29T07:48:58Z">
          <exception class="org.openqa.selenium.TimeoutException">
            <message>
              <![CDATA[timeout
  (Session info: chrome=69.0.3497.92)
  (Driver info: chromedriver=2.41.578737 (49da6702b16031c40d63e5618de03a32ff6c197e),platform=Windows NT 10.0.15063 x86_64) (WARNING: The server did not provide any stacktrace information)
Command duration or timeout: 0 milliseconds
Build info: version: '3.13.0', revision: '2f0d292', time: '2018-06-25T15:24:21.231Z'
System info: host: 'GIND04LX6R5G5Q2', ip: '10.242.76.77', os.name: 'Windows 10', os.arch: 'amd64', os.version: '10.0', java.version: '1.8.0_181'
Driver info: org.openqa.selenium.chrome.ChromeDriver
Capabilities {acceptInsecureCerts: false, acceptSslCerts: false, applicationCacheEnabled: false, browserConnectionEnabled: false, browserName: chrome, chrome: {chromedriverVersion: 2.41.578737 (49da6702b16031..., userDataDir: C:\Users\10263638\AppData\L...}, cssSelectorsEnabled: true, databaseEnabled: false, goog:chromeOptions: {debuggerAddress: localhost:54143}, handlesAlerts: true, hasTouchScreen: false, javascriptEnabled: true, locationContextEnabled: true, mobileEmulationEnabled: false, nativeEvents: true, networkConnectionEnabled: false, pageLoadStrategy: normal, platform: XP, platformName: XP, rotatable: false, setWindowRect: true, takesHeapSnapshot: true, takesScreenshot: true, unexpectedAlertBehaviour: , unhandledPromptBehavior: , version: 69.0.3497.92, webStorageEnabled: true}
Session ID: b858ce3815cda4dfe341526c4355930e]]>
            </message>
            <full-stacktrace>
              <![CDATA[org.openqa.selenium.TimeoutException: timeout
  (Session info: chrome=69.0.3497.92)
  (Driver info: chromedriver=2.41.578737 (49da6702b16031c40d63e5618de03a32ff6c197e),platform=Windows NT 10.0.15063 x86_64) (WARNING: The server did not provide any stacktrace information)
Command duration or timeout: 0 milliseconds
Build info: version: '3.13.0', revision: '2f0d292', time: '2018-06-25T15:24:21.231Z'
System info: host: 'GIND04LX6R5G5Q2', ip: '10.242.76.77', os.name: 'Windows 10', os.arch: 'amd64', os.version: '10.0', java.version: '1.8.0_181'
Driver info: org.openqa.selenium.chrome.ChromeDriver
Capabilities {acceptInsecureCerts: false, acceptSslCerts: false, applicationCacheEnabled: false, browserConnectionEnabled: false, browserName: chrome, chrome: {chromedriverVersion: 2.41.578737 (49da6702b16031..., userDataDir: C:\Users\10263638\AppData\L...}, cssSelectorsEnabled: true, databaseEnabled: false, goog:chromeOptions: {debuggerAddress: localhost:54143}, handlesAlerts: true, hasTouchScreen: false, javascriptEnabled: true, locationContextEnabled: true, mobileEmulationEnabled: false, nativeEvents: true, networkConnectionEnabled: false, pageLoadStrategy: normal, platform: XP, platformName: XP, rotatable: false, setWindowRect: true, takesHeapSnapshot: true, takesScreenshot: true, unexpectedAlertBehaviour: , unhandledPromptBehavior: , version: 69.0.3497.92, webStorageEnabled: true}
Session ID: b858ce3815cda4dfe341526c4355930e
at sun.reflect.NativeConstructorAccessorImpl.newInstance0(Native Method)
at sun.reflect.NativeConstructorAccessorImpl.newInstance(Unknown Source)
at sun.reflect.DelegatingConstructorAccessorImpl.newInstance(Unknown Source)
at java.lang.reflect.Constructor.newInstance(Unknown Source)
at org.openqa.selenium.remote.ErrorHandler.createThrowable(ErrorHandler.java:214)
at org.openqa.selenium.remote.ErrorHandler.throwIfResponseFailed(ErrorHandler.java:166)
at org.openqa.selenium.remote.http.JsonHttpResponseCodec.reconstructValue(JsonHttpResponseCodec.java:40)
at org.openqa.selenium.remote.http.AbstractHttpResponseCodec.decode(AbstractHttpResponseCodec.java:80)
at org.openqa.selenium.remote.http.AbstractHttpResponseCodec.decode(AbstractHttpResponseCodec.java:44)
at org.openqa.selenium.remote.HttpCommandExecutor.execute(HttpCommandExecutor.java:158)
at org.openqa.selenium.remote.service.DriverCommandExecutor.execute(DriverCommandExecutor.java:83)
at org.openqa.selenium.remote.RemoteWebDriver.execute(RemoteWebDriver.java:548)
at org.openqa.selenium.remote.RemoteWebElement.execute(RemoteWebElement.java:276)
at org.openqa.selenium.remote.RemoteWebElement.click(RemoteWebElement.java:83)
at com.travels.qa.utility.Testutility.MyAccountDropDown(Testutility.java:26)
at com.travels.qa.pages.HomePage.Signup(HomePage.java:144)
at com.travels.qa.testcases.TourInvoice_Testcase.payment_on_arrival_when_SignedUp(TourInvoice_Testcase.java:90)
at sun.reflect.NativeMethodAccessorImpl.invoke0(Native Method)
at sun.reflect.NativeMethodAccessorImpl.invoke(Unknown Source)
at sun.reflect.DelegatingMethodAccessorImpl.invoke(Unknown Source)
at java.lang.reflect.Method.invoke(Unknown Source)
at org.testng.internal.MethodInvocationHelper.invokeMethod(MethodInvocationHelper.java:124)
at org.testng.internal.Invoker.invokeMethod(Invoker.java:583)
at org.testng.internal.Invoker.invokeTestMethod(Invoker.java:719)
at org.testng.internal.Invoker.invokeTestMethods(Invoker.java:989)
at org.testng.internal.TestMethodWorker.invokeTestMethods(TestMethodWorker.java:125)
at org.testng.internal.TestMethodWorker.run(TestMethodWorker.java:109)
at org.testng.TestRunner.privateRun(TestRunner.java:648)
at org.testng.TestRunner.run(TestRunner.java:505)
at org.testng.SuiteRunner.runTest(SuiteRunner.java:455)
at org.testng.SuiteRunner.runSequentially(SuiteRunner.java:450)
at org.testng.SuiteRunner.privateRun(SuiteRunner.java:415)
at org.testng.SuiteRunner.run(SuiteRunner.java:364)
at org.testng.SuiteRunnerWorker.runSuite(SuiteRunnerWorker.java:52)
at org.testng.SuiteRunnerWorker.run(SuiteRunnerWorker.java:84)
at org.testng.TestNG.runSuitesSequentially(TestNG.java:1208)
at org.testng.TestNG.runSuitesLocally(TestNG.java:1137)
at org.testng.TestNG.runSuites(TestNG.java:1049)
at org.testng.TestNG.run(TestNG.java:1017)
at org.testng.remote.AbstractRemoteTestNG.run(AbstractRemoteTestNG.java:114)
at org.testng.remote.RemoteTestNG.initAndRun(RemoteTestNG.java:251)
at org.testng.remote.RemoteTestNG.main(RemoteTestNG.java:77)
]]>
            </full-stacktrace>
          </exception> <!-- org.openqa.selenium.TimeoutException -->
          <reporter-output>
          </reporter-output>
        </test-method> <!-- payment_on_arrival_when_SignedUp -->
        <test-method status="PASS" signature="teardown()[pri:0, instance:com.travels.qa.testcases.TourInvoice_Testcase@1ed4004b]" name="teardown" is-config="true" duration-ms="1115" started-at="2018-11-29T07:48:58Z" finished-at="2018-11-29T07:48:59Z">
          <reporter-output>
          </reporter-output>
        </test-method> <!-- teardown -->
        <test-method status="PASS" signature="getResult(org.testng.ITestResult)[pri:0, instance:com.travels.qa.testcases.TourInvoice_Testcase@1ed4004b]" name="getResult" is-config="true" duration-ms="1" started-at="2018-11-29T07:48:59Z" finished-at="2018-11-29T07:48:59Z">
          <params>
            <param index="0">
              <value>
                <![CDATA[[TestResult name=payment_on_arrival_when_SignedUp status=FAILURE method=TourInvoice_Testcase.payment_on_arrival_when_SignedUp()[pri:0, instance:com.travels.qa.testcases.TourInvoice_Testcase@1ed4004b] output={null}]]]>
              </value>
            </param>
          </params>
          <reporter-output>
          </reporter-output>
        </test-method> <!-- getResult -->
      </class> <!-- com.travels.qa.testcases.TourInvoice_Testcase -->
    </test> <!-- Aditya Test -->
  </suite> <!-- Aditya Automation -->
</testng-results>
